{"/home/titivat/Thesis/webpack-react/src/App.js": {"path":"/home/titivat/Thesis/webpack-react/src/App.js","statementMap":{"0":{"start":{"line":21,"column":14},"end":{"line":39,"column":5}},"1":{"start":{"line":41,"column":31},"end":{"line":41,"column":46}},"2":{"start":{"line":48,"column":2},"end":{"line":70,"column":4}}},"fnMap":{"0":{"name":"App","decl":{"start":{"line":40,"column":9},"end":{"line":40,"column":12}},"loc":{"start":{"line":40,"column":15},"end":{"line":71,"column":1}},"line":40}},"branchMap":{},"s":{"0":0,"1":0,"2":0},"f":{"0":0},"b":{}}
,"/home/titivat/Thesis/webpack-react/src/index.js": {"path":"/home/titivat/Thesis/webpack-react/src/index.js","statementMap":{"0":{"start":{"line":9,"column":0},"end":{"line":16,"column":2}}},"fnMap":{},"branchMap":{},"s":{"0":0},"f":{},"b":{}}
,"/home/titivat/Thesis/webpack-react/src/reportWebVitals.js": {"path":"/home/titivat/Thesis/webpack-react/src/reportWebVitals.js","statementMap":{"0":{"start":{"line":1,"column":24},"end":{"line":11,"column":1}},"1":{"start":{"line":2,"column":2},"end":{"line":10,"column":3}},"2":{"start":{"line":3,"column":4},"end":{"line":9,"column":7}},"3":{"start":{"line":4,"column":6},"end":{"line":4,"column":26}},"4":{"start":{"line":5,"column":6},"end":{"line":5,"column":26}},"5":{"start":{"line":6,"column":6},"end":{"line":6,"column":26}},"6":{"start":{"line":7,"column":6},"end":{"line":7,"column":26}},"7":{"start":{"line":8,"column":6},"end":{"line":8,"column":27}}},"fnMap":{"0":{"name":"(anonymous_0)","decl":{"start":{"line":1,"column":24},"end":{"line":1,"column":25}},"loc":{"start":{"line":1,"column":39},"end":{"line":11,"column":1}},"line":1},"1":{"name":"(anonymous_1)","decl":{"start":{"line":3,"column":30},"end":{"line":3,"column":31}},"loc":{"start":{"line":3,"column":79},"end":{"line":9,"column":5}},"line":3}},"branchMap":{"0":{"loc":{"start":{"line":2,"column":2},"end":{"line":10,"column":3}},"type":"if","locations":[{"start":{"line":2,"column":2},"end":{"line":10,"column":3}},{"start":{},"end":{}}],"line":2},"1":{"loc":{"start":{"line":2,"column":6},"end":{"line":2,"column":52}},"type":"binary-expr","locations":[{"start":{"line":2,"column":6},"end":{"line":2,"column":17}},{"start":{"line":2,"column":21},"end":{"line":2,"column":52}}],"line":2}},"s":{"0":0,"1":0,"2":0,"3":0,"4":0,"5":0,"6":0,"7":0},"f":{"0":0,"1":0},"b":{"0":[0,0],"1":[0,0]}}
,"/home/titivat/Thesis/webpack-react/src/setupTests.js": {"path":"/home/titivat/Thesis/webpack-react/src/setupTests.js","statementMap":{},"fnMap":{},"branchMap":{},"s":{},"f":{},"b":{}}
,"/home/titivat/Thesis/webpack-react/src/theme.js": {"path":"/home/titivat/Thesis/webpack-react/src/theme.js","statementMap":{},"fnMap":{},"branchMap":{},"s":{},"f":{},"b":{}}
,"/home/titivat/Thesis/webpack-react/src/api/deleteApi.js": {"path":"/home/titivat/Thesis/webpack-react/src/api/deleteApi.js","statementMap":{"0":{"start":{"line":2,"column":14},"end":{"line":2,"column":30}},"1":{"start":{"line":5,"column":4},"end":{"line":20,"column":5}},"2":{"start":{"line":6,"column":21},"end":{"line":8,"column":9}},"3":{"start":{"line":9,"column":8},"end":{"line":9,"column":66}},"4":{"start":{"line":9,"column":27},"end":{"line":9,"column":66}},"5":{"start":{"line":11,"column":23},"end":{"line":16,"column":10}},"6":{"start":{"line":17,"column":8},"end":{"line":17,"column":24}},"7":{"start":{"line":19,"column":8},"end":{"line":19,"column":28}}},"fnMap":{"0":{"name":"deleteApi","decl":{"start":{"line":4,"column":24},"end":{"line":4,"column":33}},"loc":{"start":{"line":4,"column":59},"end":{"line":21,"column":1}},"line":4}},"branchMap":{"0":{"loc":{"start":{"line":4,"column":45},"end":{"line":4,"column":57}},"type":"default-arg","locations":[{"start":{"line":4,"column":53},"end":{"line":4,"column":57}}],"line":4},"1":{"loc":{"start":{"line":9,"column":8},"end":{"line":9,"column":66}},"type":"if","locations":[{"start":{"line":9,"column":8},"end":{"line":9,"column":66}},{"start":{},"end":{}}],"line":9}},"s":{"0":0,"1":0,"2":0,"3":0,"4":0,"5":0,"6":0,"7":0},"f":{"0":0},"b":{"0":[0],"1":[0,0]}}
,"/home/titivat/Thesis/webpack-react/src/api/getApi.js": {"path":"/home/titivat/Thesis/webpack-react/src/api/getApi.js","statementMap":{"0":{"start":{"line":2,"column":14},"end":{"line":2,"column":30}},"1":{"start":{"line":5,"column":4},"end":{"line":15,"column":5}},"2":{"start":{"line":6,"column":20},"end":{"line":6,"column":68}},"3":{"start":{"line":7,"column":23},"end":{"line":11,"column":10}},"4":{"start":{"line":12,"column":8},"end":{"line":12,"column":24}},"5":{"start":{"line":14,"column":8},"end":{"line":14,"column":28}}},"fnMap":{"0":{"name":"getApi","decl":{"start":{"line":4,"column":25},"end":{"line":4,"column":31}},"loc":{"start":{"line":4,"column":52},"end":{"line":16,"column":1}},"line":4}},"branchMap":{"0":{"loc":{"start":{"line":4,"column":38},"end":{"line":4,"column":50}},"type":"default-arg","locations":[{"start":{"line":4,"column":46},"end":{"line":4,"column":50}}],"line":4},"1":{"loc":{"start":{"line":6,"column":20},"end":{"line":6,"column":68}},"type":"cond-expr","locations":[{"start":{"line":6,"column":28},"end":{"line":6,"column":63}},{"start":{"line":6,"column":66},"end":{"line":6,"column":68}}],"line":6}},"s":{"0":0,"1":0,"2":0,"3":0,"4":0,"5":0},"f":{"0":0},"b":{"0":[0],"1":[0,0]}}
,"/home/titivat/Thesis/webpack-react/src/api/index.js": {"path":"/home/titivat/Thesis/webpack-react/src/api/index.js","statementMap":{},"fnMap":{},"branchMap":{},"s":{},"f":{},"b":{}}
,"/home/titivat/Thesis/webpack-react/src/api/login.js": {"path":"/home/titivat/Thesis/webpack-react/src/api/login.js","statementMap":{"0":{"start":{"line":2,"column":14},"end":{"line":2,"column":30}},"1":{"start":{"line":5,"column":4},"end":{"line":25,"column":5}},"2":{"start":{"line":6,"column":23},"end":{"line":16,"column":10}},"3":{"start":{"line":17,"column":8},"end":{"line":22,"column":43}},"4":{"start":{"line":19,"column":12},"end":{"line":19,"column":70}},"5":{"start":{"line":20,"column":12},"end":{"line":20,"column":27}},"6":{"start":{"line":22,"column":13},"end":{"line":22,"column":43}},"7":{"start":{"line":24,"column":8},"end":{"line":24,"column":36}}},"fnMap":{"0":{"name":"login","decl":{"start":{"line":4,"column":30},"end":{"line":4,"column":35}},"loc":{"start":{"line":4,"column":54},"end":{"line":26,"column":1}},"line":4}},"branchMap":{"0":{"loc":{"start":{"line":17,"column":8},"end":{"line":22,"column":43}},"type":"if","locations":[{"start":{"line":17,"column":8},"end":{"line":22,"column":43}},{"start":{"line":22,"column":13},"end":{"line":22,"column":43}}],"line":17}},"s":{"0":0,"1":0,"2":0,"3":0,"4":0,"5":0,"6":0,"7":0},"f":{"0":0},"b":{"0":[0,0]}}
,"/home/titivat/Thesis/webpack-react/src/api/logout.js": {"path":"/home/titivat/Thesis/webpack-react/src/api/logout.js","statementMap":{"0":{"start":{"line":2,"column":14},"end":{"line":2,"column":30}},"1":{"start":{"line":5,"column":4},"end":{"line":18,"column":5}},"2":{"start":{"line":6,"column":20},"end":{"line":6,"column":53}},"3":{"start":{"line":7,"column":23},"end":{"line":14,"column":10}},"4":{"start":{"line":15,"column":8},"end":{"line":15,"column":24}},"5":{"start":{"line":17,"column":8},"end":{"line":17,"column":28}}},"fnMap":{"0":{"name":"login","decl":{"start":{"line":4,"column":30},"end":{"line":4,"column":35}},"loc":{"start":{"line":4,"column":54},"end":{"line":19,"column":1}},"line":4}},"branchMap":{},"s":{"0":0,"1":0,"2":0,"3":0,"4":0,"5":0},"f":{"0":0},"b":{}}
,"/home/titivat/Thesis/webpack-react/src/api/postApi.js": {"path":"/home/titivat/Thesis/webpack-react/src/api/postApi.js","statementMap":{"0":{"start":{"line":2,"column":14},"end":{"line":2,"column":30}},"1":{"start":{"line":5,"column":4},"end":{"line":20,"column":5}},"2":{"start":{"line":6,"column":21},"end":{"line":8,"column":9}},"3":{"start":{"line":9,"column":8},"end":{"line":9,"column":66}},"4":{"start":{"line":9,"column":27},"end":{"line":9,"column":66}},"5":{"start":{"line":11,"column":23},"end":{"line":16,"column":10}},"6":{"start":{"line":17,"column":8},"end":{"line":17,"column":24}},"7":{"start":{"line":19,"column":8},"end":{"line":19,"column":28}}},"fnMap":{"0":{"name":"postApi","decl":{"start":{"line":4,"column":30},"end":{"line":4,"column":37}},"loc":{"start":{"line":4,"column":72},"end":{"line":21,"column":1}},"line":4}},"branchMap":{"0":{"loc":{"start":{"line":4,"column":45},"end":{"line":4,"column":56}},"type":"default-arg","locations":[{"start":{"line":4,"column":52},"end":{"line":4,"column":56}}],"line":4},"1":{"loc":{"start":{"line":4,"column":58},"end":{"line":4,"column":70}},"type":"default-arg","locations":[{"start":{"line":4,"column":66},"end":{"line":4,"column":70}}],"line":4},"2":{"loc":{"start":{"line":9,"column":8},"end":{"line":9,"column":66}},"type":"if","locations":[{"start":{"line":9,"column":8},"end":{"line":9,"column":66}},{"start":{},"end":{}}],"line":9}},"s":{"0":0,"1":0,"2":0,"3":0,"4":0,"5":0,"6":0,"7":0},"f":{"0":0},"b":{"0":[0],"1":[0],"2":[0,0]}}
,"/home/titivat/Thesis/webpack-react/src/api/register.js": {"path":"/home/titivat/Thesis/webpack-react/src/api/register.js","statementMap":{"0":{"start":{"line":2,"column":14},"end":{"line":2,"column":30}},"1":{"start":{"line":5,"column":4},"end":{"line":21,"column":5}},"2":{"start":{"line":6,"column":23},"end":{"line":17,"column":10}},"3":{"start":{"line":18,"column":8},"end":{"line":18,"column":24}},"4":{"start":{"line":20,"column":8},"end":{"line":20,"column":28}}},"fnMap":{"0":{"name":"register","decl":{"start":{"line":4,"column":30},"end":{"line":4,"column":38}},"loc":{"start":{"line":4,"column":68},"end":{"line":22,"column":1}},"line":4}},"branchMap":{},"s":{"0":0,"1":0,"2":0,"3":0,"4":0},"f":{"0":0},"b":{}}
,"/home/titivat/Thesis/webpack-react/src/api/userDetails.js": {"path":"/home/titivat/Thesis/webpack-react/src/api/userDetails.js","statementMap":{"0":{"start":{"line":2,"column":14},"end":{"line":2,"column":30}},"1":{"start":{"line":5,"column":4},"end":{"line":17,"column":5}},"2":{"start":{"line":6,"column":23},"end":{"line":13,"column":10}},"3":{"start":{"line":14,"column":8},"end":{"line":14,"column":24}},"4":{"start":{"line":16,"column":8},"end":{"line":16,"column":28}}},"fnMap":{"0":{"name":"userDetail","decl":{"start":{"line":4,"column":30},"end":{"line":4,"column":40}},"loc":{"start":{"line":4,"column":47},"end":{"line":18,"column":1}},"line":4}},"branchMap":{},"s":{"0":0,"1":0,"2":0,"3":0,"4":0},"f":{"0":0},"b":{}}
,"/home/titivat/Thesis/webpack-react/src/components/index.js": {"path":"/home/titivat/Thesis/webpack-react/src/components/index.js","statementMap":{},"fnMap":{},"branchMap":{},"s":{},"f":{},"b":{}}
,"/home/titivat/Thesis/webpack-react/src/components/Aframe/index.js": {"path":"/home/titivat/Thesis/webpack-react/src/components/Aframe/index.js","statementMap":{"0":{"start":{"line":17,"column":0},"end":{"line":17,"column":22}},"1":{"start":{"line":18,"column":0},"end":{"line":18,"column":25}},"2":{"start":{"line":19,"column":0},"end":{"line":19,"column":33}},"3":{"start":{"line":20,"column":0},"end":{"line":20,"column":33}},"4":{"start":{"line":29,"column":22},"end":{"line":61,"column":1}},"5":{"start":{"line":63,"column":15},"end":{"line":198,"column":1}},"6":{"start":{"line":64,"column":17},"end":{"line":64,"column":30}},"7":{"start":{"line":65,"column":14},"end":{"line":65,"column":33}},"8":{"start":{"line":66,"column":2},"end":{"line":66,"column":21}},"9":{"start":{"line":68,"column":4},"end":{"line":68,"column":20}},"10":{"start":{"line":70,"column":4},"end":{"line":70,"column":20}},"11":{"start":{"line":72,"column":2},"end":{"line":76,"column":9}},"12":{"start":{"line":73,"column":4},"end":{"line":75,"column":6}},"13":{"start":{"line":74,"column":6},"end":{"line":74,"column":36}},"14":{"start":{"line":78,"column":25},"end":{"line":78,"column":99}},"15":{"start":{"line":79,"column":2},"end":{"line":79,"column":29}},"16":{"start":{"line":80,"column":16},"end":{"line":80,"column":49}},"17":{"start":{"line":81,"column":23},"end":{"line":81,"column":40}},"18":{"start":{"line":83,"column":2},"end":{"line":197,"column":4}}},"fnMap":{"0":{"name":"(anonymous_0)","decl":{"start":{"line":63,"column":15},"end":{"line":63,"column":16}},"loc":{"start":{"line":63,"column":21},"end":{"line":198,"column":1}},"line":63},"1":{"name":"(anonymous_1)","decl":{"start":{"line":72,"column":12},"end":{"line":72,"column":13}},"loc":{"start":{"line":72,"column":18},"end":{"line":76,"column":3}},"line":72},"2":{"name":"(anonymous_2)","decl":{"start":{"line":73,"column":11},"end":{"line":73,"column":12}},"loc":{"start":{"line":73,"column":17},"end":{"line":75,"column":5}},"line":73}},"branchMap":{},"s":{"0":0,"1":0,"2":0,"3":0,"4":0,"5":0,"6":0,"7":0,"8":0,"9":0,"10":0,"11":0,"12":0,"13":0,"14":0,"15":0,"16":0,"17":0,"18":0},"f":{"0":0,"1":0,"2":0},"b":{}}
,"/home/titivat/Thesis/webpack-react/src/components/Aframe/BottomBar/BottomBar.js": {"path":"/home/titivat/Thesis/webpack-react/src/components/Aframe/BottomBar/BottomBar.js","statementMap":{"0":{"start":{"line":12,"column":18},"end":{"line":39,"column":1}},"1":{"start":{"line":13,"column":17},"end":{"line":13,"column":30}},"2":{"start":{"line":15,"column":2},"end":{"line":38,"column":4}},"3":{"start":{"line":32,"column":25},"end":{"line":32,"column":37}}},"fnMap":{"0":{"name":"(anonymous_0)","decl":{"start":{"line":12,"column":18},"end":{"line":12,"column":19}},"loc":{"start":{"line":12,"column":70},"end":{"line":39,"column":1}},"line":12},"1":{"name":"(anonymous_1)","decl":{"start":{"line":32,"column":19},"end":{"line":32,"column":20}},"loc":{"start":{"line":32,"column":25},"end":{"line":32,"column":37}},"line":32}},"branchMap":{},"s":{"0":0,"1":0,"2":0,"3":0},"f":{"0":0,"1":0},"b":{}}
,"/home/titivat/Thesis/webpack-react/src/components/Aframe/BottomBar/index.js": {"path":"/home/titivat/Thesis/webpack-react/src/components/Aframe/BottomBar/index.js","statementMap":{},"fnMap":{},"branchMap":{},"s":{},"f":{},"b":{}}
,"/home/titivat/Thesis/webpack-react/src/components/Aframe/BottomBar/tool/useToggleModal.js": {"path":"/home/titivat/Thesis/webpack-react/src/components/Aframe/BottomBar/tool/useToggleModal.js","statementMap":{"0":{"start":{"line":3,"column":23},"end":{"line":14,"column":1}},"1":{"start":{"line":4,"column":32},"end":{"line":4,"column":53}},"2":{"start":{"line":6,"column":28},"end":{"line":6,"column":49}},"3":{"start":{"line":6,"column":34},"end":{"line":6,"column":49}},"4":{"start":{"line":7,"column":29},"end":{"line":7,"column":51}},"5":{"start":{"line":7,"column":35},"end":{"line":7,"column":51}},"6":{"start":{"line":9,"column":4},"end":{"line":13,"column":6}}},"fnMap":{"0":{"name":"(anonymous_0)","decl":{"start":{"line":3,"column":23},"end":{"line":3,"column":24}},"loc":{"start":{"line":3,"column":29},"end":{"line":14,"column":1}},"line":3},"1":{"name":"(anonymous_1)","decl":{"start":{"line":6,"column":28},"end":{"line":6,"column":29}},"loc":{"start":{"line":6,"column":34},"end":{"line":6,"column":49}},"line":6},"2":{"name":"(anonymous_2)","decl":{"start":{"line":7,"column":29},"end":{"line":7,"column":30}},"loc":{"start":{"line":7,"column":35},"end":{"line":7,"column":51}},"line":7}},"branchMap":{},"s":{"0":0,"1":0,"2":0,"3":0,"4":0,"5":0,"6":0},"f":{"0":0,"1":0,"2":0},"b":{}}
,"/home/titivat/Thesis/webpack-react/src/components/Aframe/a-frame-components/EnterVRListeners.js": {"path":"/home/titivat/Thesis/webpack-react/src/components/Aframe/a-frame-components/EnterVRListeners.js","statementMap":{"0":{"start":{"line":1,"column":0},"end":{"line":37,"column":4}},"1":{"start":{"line":3,"column":8},"end":{"line":17,"column":21}},"2":{"start":{"line":16,"column":12},"end":{"line":16,"column":38}},"3":{"start":{"line":19,"column":8},"end":{"line":34,"column":21}}},"fnMap":{"0":{"name":"(anonymous_0)","decl":{"start":{"line":2,"column":10},"end":{"line":2,"column":11}},"loc":{"start":{"line":2,"column":22},"end":{"line":35,"column":5}},"line":2},"1":{"name":"(anonymous_1)","decl":{"start":{"line":3,"column":45},"end":{"line":3,"column":46}},"loc":{"start":{"line":3,"column":56},"end":{"line":17,"column":9}},"line":3},"2":{"name":"(anonymous_2)","decl":{"start":{"line":19,"column":44},"end":{"line":19,"column":45}},"loc":{"start":{"line":19,"column":55},"end":{"line":34,"column":9}},"line":19}},"branchMap":{},"s":{"0":0,"1":0,"2":0,"3":0},"f":{"0":0,"1":0,"2":0},"b":{}}
,"/home/titivat/Thesis/webpack-react/src/components/Aframe/a-frame-components/aframe-aterrain-component.js": {"path":"/home/titivat/Thesis/webpack-react/src/components/Aframe/a-frame-components/aframe-aterrain-component.js","statementMap":{"0":{"start":{"line":1,"column":9},"end":{"line":157,"column":12}},"1":{"start":{"line":3,"column":33},"end":{"line":3,"column":35}},"2":{"start":{"line":9,"column":11},"end":{"line":11,"column":12}},"3":{"start":{"line":10,"column":12},"end":{"line":10,"column":54}},"4":{"start":{"line":13,"column":24},"end":{"line":17,"column":12}},"5":{"start":{"line":20,"column":11},"end":{"line":20,"column":95}},"6":{"start":{"line":23,"column":11},"end":{"line":23,"column":27}},"7":{"start":{"line":26,"column":11},"end":{"line":26,"column":33}},"8":{"start":{"line":31,"column":10},"end":{"line":31,"column":42}},"9":{"start":{"line":34,"column":10},"end":{"line":34,"column":51}},"10":{"start":{"line":37,"column":10},"end":{"line":45,"column":12}},"11":{"start":{"line":38,"column":11},"end":{"line":44,"column":12}},"12":{"start":{"line":39,"column":12},"end":{"line":43,"column":15}},"13":{"start":{"line":48,"column":10},"end":{"line":50,"column":12}},"14":{"start":{"line":49,"column":11},"end":{"line":49,"column":73}},"15":{"start":{"line":53,"column":10},"end":{"line":59,"column":12}},"16":{"start":{"line":54,"column":24},"end":{"line":56,"column":58}},"17":{"start":{"line":55,"column":36},"end":{"line":55,"column":61}},"18":{"start":{"line":56,"column":42},"end":{"line":56,"column":56}},"19":{"start":{"line":57,"column":11},"end":{"line":57,"column":54}},"20":{"start":{"line":58,"column":11},"end":{"line":58,"column":25}},"21":{"start":{"line":62,"column":10},"end":{"line":62,"column":128}},"22":{"start":{"line":62,"column":63},"end":{"line":62,"column":125}},"23":{"start":{"line":65,"column":10},"end":{"line":65,"column":37}},"24":{"start":{"line":69,"column":10},"end":{"line":69,"column":77}},"25":{"start":{"line":82,"column":0},"end":{"line":82,"column":10272}},"26":{"start":{"line":94,"column":0},"end":{"line":94,"column":15328}},"27":{"start":{"line":106,"column":0},"end":{"line":106,"column":2936}},"28":{"start":{"line":118,"column":0},"end":{"line":118,"column":1895}},"29":{"start":{"line":130,"column":0},"end":{"line":130,"column":11915}},"30":{"start":{"line":142,"column":0},"end":{"line":142,"column":3154}},"31":{"start":{"line":153,"column":0},"end":{"line":153,"column":321}}},"fnMap":{"0":{"name":"(anonymous_0)","decl":{"start":{"line":1,"column":10},"end":{"line":1,"column":11}},"loc":{"start":{"line":1,"column":28},"end":{"line":70,"column":10}},"line":1},"1":{"name":"__webpack_require__","decl":{"start":{"line":6,"column":19},"end":{"line":6,"column":38}},"loc":{"start":{"line":6,"column":49},"end":{"line":27,"column":11}},"line":6},"2":{"name":"(anonymous_2)","decl":{"start":{"line":37,"column":34},"end":{"line":37,"column":35}},"loc":{"start":{"line":37,"column":66},"end":{"line":45,"column":11}},"line":37},"3":{"name":"(anonymous_3)","decl":{"start":{"line":48,"column":34},"end":{"line":48,"column":35}},"loc":{"start":{"line":48,"column":52},"end":{"line":50,"column":11}},"line":48},"4":{"name":"(anonymous_4)","decl":{"start":{"line":53,"column":34},"end":{"line":53,"column":35}},"loc":{"start":{"line":53,"column":51},"end":{"line":59,"column":11}},"line":53},"5":{"name":"getDefault","decl":{"start":{"line":55,"column":21},"end":{"line":55,"column":31}},"loc":{"start":{"line":55,"column":34},"end":{"line":55,"column":63}},"line":55},"6":{"name":"getModuleExports","decl":{"start":{"line":56,"column":21},"end":{"line":56,"column":37}},"loc":{"start":{"line":56,"column":40},"end":{"line":56,"column":58}},"line":56},"7":{"name":"(anonymous_7)","decl":{"start":{"line":62,"column":34},"end":{"line":62,"column":35}},"loc":{"start":{"line":62,"column":61},"end":{"line":62,"column":127}},"line":62},"8":{"name":"(anonymous_8)","decl":{"start":{"line":79,"column":7},"end":{"line":79,"column":8}},"loc":{"start":{"line":79,"column":66},"end":{"line":84,"column":7}},"line":79},"9":{"name":"(anonymous_9)","decl":{"start":{"line":91,"column":7},"end":{"line":91,"column":8}},"loc":{"start":{"line":91,"column":66},"end":{"line":96,"column":7}},"line":91},"10":{"name":"(anonymous_10)","decl":{"start":{"line":103,"column":7},"end":{"line":103,"column":8}},"loc":{"start":{"line":103,"column":66},"end":{"line":108,"column":7}},"line":103},"11":{"name":"(anonymous_11)","decl":{"start":{"line":115,"column":7},"end":{"line":115,"column":8}},"loc":{"start":{"line":115,"column":66},"end":{"line":120,"column":7}},"line":115},"12":{"name":"(anonymous_12)","decl":{"start":{"line":127,"column":7},"end":{"line":127,"column":8}},"loc":{"start":{"line":127,"column":66},"end":{"line":132,"column":7}},"line":127},"13":{"name":"(anonymous_13)","decl":{"start":{"line":139,"column":7},"end":{"line":139,"column":8}},"loc":{"start":{"line":139,"column":66},"end":{"line":144,"column":7}},"line":139},"14":{"name":"(anonymous_14)","decl":{"start":{"line":151,"column":7},"end":{"line":151,"column":8}},"loc":{"start":{"line":151,"column":54},"end":{"line":155,"column":7}},"line":151}},"branchMap":{"0":{"loc":{"start":{"line":9,"column":11},"end":{"line":11,"column":12}},"type":"if","locations":[{"start":{"line":9,"column":11},"end":{"line":11,"column":12}},{"start":{},"end":{}}],"line":9},"1":{"loc":{"start":{"line":38,"column":11},"end":{"line":44,"column":12}},"type":"if","locations":[{"start":{"line":38,"column":11},"end":{"line":44,"column":12}},{"start":{},"end":{}}],"line":38},"2":{"loc":{"start":{"line":54,"column":24},"end":{"line":56,"column":58}},"type":"cond-expr","locations":[{"start":{"line":55,"column":12},"end":{"line":55,"column":63}},{"start":{"line":56,"column":12},"end":{"line":56,"column":58}}],"line":54},"3":{"loc":{"start":{"line":54,"column":24},"end":{"line":54,"column":51}},"type":"binary-expr","locations":[{"start":{"line":54,"column":24},"end":{"line":54,"column":30}},{"start":{"line":54,"column":34},"end":{"line":54,"column":51}}],"line":54}},"s":{"0":0,"1":0,"2":0,"3":0,"4":0,"5":0,"6":0,"7":0,"8":0,"9":0,"10":0,"11":0,"12":0,"13":0,"14":0,"15":0,"16":0,"17":0,"18":0,"19":0,"20":0,"21":0,"22":0,"23":0,"24":0,"25":0,"26":0,"27":0,"28":0,"29":0,"30":0,"31":0},"f":{"0":0,"1":0,"2":0,"3":0,"4":0,"5":0,"6":0,"7":0,"8":0,"9":0,"10":0,"11":0,"12":0,"13":0,"14":0},"b":{"0":[0,0],"1":[0,0],"2":[0,0],"3":[0,0]}}
,"/home/titivat/Thesis/webpack-react/src/components/Aframe/a-frame-components/device.js": {"path":"/home/titivat/Thesis/webpack-react/src/components/Aframe/a-frame-components/device.js","statementMap":{"0":{"start":{"line":1,"column":0},"end":{"line":305,"column":3}},"1":{"start":{"line":30,"column":15},"end":{"line":30,"column":24}},"2":{"start":{"line":31,"column":15},"end":{"line":31,"column":24}},"3":{"start":{"line":32,"column":15},"end":{"line":32,"column":24}},"4":{"start":{"line":33,"column":15},"end":{"line":33,"column":24}},"5":{"start":{"line":34,"column":15},"end":{"line":34,"column":24}},"6":{"start":{"line":35,"column":15},"end":{"line":35,"column":24}},"7":{"start":{"line":36,"column":15},"end":{"line":36,"column":24}},"8":{"start":{"line":38,"column":4},"end":{"line":38,"column":38}},"9":{"start":{"line":39,"column":4},"end":{"line":39,"column":38}},"10":{"start":{"line":40,"column":4},"end":{"line":40,"column":70}},"11":{"start":{"line":42,"column":4},"end":{"line":42,"column":31}},"12":{"start":{"line":43,"column":4},"end":{"line":43,"column":46}},"13":{"start":{"line":44,"column":19},"end":{"line":44,"column":22}},"14":{"start":{"line":45,"column":18},"end":{"line":45,"column":19}},"15":{"start":{"line":49,"column":4},"end":{"line":49,"column":63}},"16":{"start":{"line":50,"column":4},"end":{"line":50,"column":55}},"17":{"start":{"line":51,"column":4},"end":{"line":51,"column":44}},"18":{"start":{"line":52,"column":4},"end":{"line":52,"column":48}},"19":{"start":{"line":53,"column":4},"end":{"line":53,"column":56}},"20":{"start":{"line":54,"column":4},"end":{"line":54,"column":52}},"21":{"start":{"line":55,"column":4},"end":{"line":55,"column":55}},"22":{"start":{"line":56,"column":4},"end":{"line":56,"column":44}},"23":{"start":{"line":57,"column":4},"end":{"line":57,"column":51}},"24":{"start":{"line":58,"column":4},"end":{"line":58,"column":53}},"25":{"start":{"line":61,"column":16},"end":{"line":61,"column":53}},"26":{"start":{"line":62,"column":4},"end":{"line":62,"column":58}},"27":{"start":{"line":63,"column":4},"end":{"line":63,"column":40}},"28":{"start":{"line":64,"column":4},"end":{"line":64,"column":41}},"29":{"start":{"line":65,"column":4},"end":{"line":65,"column":49}},"30":{"start":{"line":66,"column":4},"end":{"line":66,"column":43}},"31":{"start":{"line":67,"column":4},"end":{"line":67,"column":33}},"32":{"start":{"line":70,"column":23},"end":{"line":70,"column":61}},"33":{"start":{"line":71,"column":15},"end":{"line":71,"column":53}},"34":{"start":{"line":72,"column":4},"end":{"line":72,"column":49}},"35":{"start":{"line":73,"column":4},"end":{"line":73,"column":47}},"36":{"start":{"line":74,"column":4},"end":{"line":74,"column":48}},"37":{"start":{"line":75,"column":4},"end":{"line":75,"column":56}},"38":{"start":{"line":76,"column":4},"end":{"line":76,"column":50}},"39":{"start":{"line":77,"column":4},"end":{"line":77,"column":40}},"40":{"start":{"line":78,"column":4},"end":{"line":78,"column":21}},"41":{"start":{"line":80,"column":4},"end":{"line":80,"column":21}},"42":{"start":{"line":81,"column":4},"end":{"line":81,"column":22}},"43":{"start":{"line":82,"column":4},"end":{"line":187,"column":5}},"44":{"start":{"line":82,"column":17},"end":{"line":82,"column":18}},"45":{"start":{"line":83,"column":6},"end":{"line":83,"column":70}},"46":{"start":{"line":85,"column":18},"end":{"line":85,"column":55}},"47":{"start":{"line":86,"column":6},"end":{"line":86,"column":59}},"48":{"start":{"line":87,"column":6},"end":{"line":87,"column":42}},"49":{"start":{"line":88,"column":6},"end":{"line":88,"column":51}},"50":{"start":{"line":89,"column":6},"end":{"line":89,"column":45}},"51":{"start":{"line":90,"column":6},"end":{"line":90,"column":43}},"52":{"start":{"line":91,"column":6},"end":{"line":91,"column":35}},"53":{"start":{"line":93,"column":6},"end":{"line":178,"column":7}},"54":{"start":{"line":95,"column":10},"end":{"line":95,"column":58}},"55":{"start":{"line":96,"column":10},"end":{"line":96,"column":46}},"56":{"start":{"line":97,"column":10},"end":{"line":97,"column":48}},"57":{"start":{"line":98,"column":10},"end":{"line":98,"column":67}},"58":{"start":{"line":99,"column":10},"end":{"line":106,"column":12}},"59":{"start":{"line":108,"column":10},"end":{"line":108,"column":26}},"60":{"start":{"line":109,"column":10},"end":{"line":109,"column":40}},"61":{"start":{"line":110,"column":10},"end":{"line":110,"column":36}},"62":{"start":{"line":111,"column":10},"end":{"line":111,"column":16}},"63":{"start":{"line":113,"column":10},"end":{"line":113,"column":58}},"64":{"start":{"line":114,"column":10},"end":{"line":121,"column":12}},"65":{"start":{"line":122,"column":10},"end":{"line":125,"column":12}},"66":{"start":{"line":126,"column":10},"end":{"line":126,"column":47}},"67":{"start":{"line":127,"column":10},"end":{"line":127,"column":61}},"68":{"start":{"line":128,"column":10},"end":{"line":128,"column":61}},"69":{"start":{"line":129,"column":10},"end":{"line":129,"column":27}},"70":{"start":{"line":130,"column":10},"end":{"line":130,"column":48}},"71":{"start":{"line":131,"column":10},"end":{"line":131,"column":40}},"72":{"start":{"line":132,"column":10},"end":{"line":132,"column":36}},"73":{"start":{"line":133,"column":10},"end":{"line":133,"column":16}},"74":{"start":{"line":135,"column":24},"end":{"line":135,"column":61}},"75":{"start":{"line":136,"column":10},"end":{"line":136,"column":47}},"76":{"start":{"line":137,"column":10},"end":{"line":137,"column":49}},"77":{"start":{"line":138,"column":10},"end":{"line":138,"column":45}},"78":{"start":{"line":139,"column":10},"end":{"line":139,"column":62}},"79":{"start":{"line":140,"column":10},"end":{"line":143,"column":12}},"80":{"start":{"line":144,"column":10},"end":{"line":144,"column":71}},"81":{"start":{"line":146,"column":20},"end":{"line":146,"column":59}},"82":{"start":{"line":147,"column":20},"end":{"line":147,"column":58}},"83":{"start":{"line":148,"column":10},"end":{"line":148,"column":44}},"84":{"start":{"line":149,"column":10},"end":{"line":149,"column":51}},"85":{"start":{"line":150,"column":10},"end":{"line":150,"column":58}},"86":{"start":{"line":151,"column":10},"end":{"line":151,"column":58}},"87":{"start":{"line":152,"column":10},"end":{"line":152,"column":55}},"88":{"start":{"line":153,"column":10},"end":{"line":153,"column":43}},"89":{"start":{"line":154,"column":10},"end":{"line":154,"column":45}},"90":{"start":{"line":155,"column":10},"end":{"line":162,"column":12}},"91":{"start":{"line":163,"column":10},"end":{"line":163,"column":54}},"92":{"start":{"line":164,"column":22},"end":{"line":164,"column":41}},"93":{"start":{"line":165,"column":10},"end":{"line":165,"column":51}},"94":{"start":{"line":166,"column":10},"end":{"line":166,"column":56}},"95":{"start":{"line":167,"column":21},"end":{"line":167,"column":40}},"96":{"start":{"line":168,"column":10},"end":{"line":168,"column":52}},"97":{"start":{"line":169,"column":10},"end":{"line":169,"column":55}},"98":{"start":{"line":171,"column":10},"end":{"line":171,"column":41}},"99":{"start":{"line":172,"column":10},"end":{"line":172,"column":37}},"100":{"start":{"line":173,"column":10},"end":{"line":173,"column":39}},"101":{"start":{"line":174,"column":10},"end":{"line":174,"column":38}},"102":{"start":{"line":175,"column":10},"end":{"line":175,"column":37}},"103":{"start":{"line":176,"column":10},"end":{"line":176,"column":27}},"104":{"start":{"line":177,"column":10},"end":{"line":177,"column":16}},"105":{"start":{"line":179,"column":6},"end":{"line":184,"column":8}},"106":{"start":{"line":182,"column":10},"end":{"line":182,"column":29}},"107":{"start":{"line":185,"column":6},"end":{"line":185,"column":28}},"108":{"start":{"line":186,"column":6},"end":{"line":186,"column":37}},"109":{"start":{"line":201,"column":4},"end":{"line":201,"column":58}},"110":{"start":{"line":204,"column":4},"end":{"line":216,"column":7}},"111":{"start":{"line":205,"column":6},"end":{"line":215,"column":7}},"112":{"start":{"line":206,"column":8},"end":{"line":206,"column":40}},"113":{"start":{"line":207,"column":8},"end":{"line":211,"column":9}},"114":{"start":{"line":208,"column":10},"end":{"line":208,"column":50}},"115":{"start":{"line":210,"column":10},"end":{"line":210,"column":51}},"116":{"start":{"line":212,"column":8},"end":{"line":212,"column":49}},"117":{"start":{"line":214,"column":8},"end":{"line":214,"column":36}},"118":{"start":{"line":218,"column":4},"end":{"line":235,"column":5}},"119":{"start":{"line":220,"column":8},"end":{"line":223,"column":28}},"120":{"start":{"line":224,"column":6},"end":{"line":224,"column":33}},"121":{"start":{"line":225,"column":6},"end":{"line":225,"column":51}},"122":{"start":{"line":226,"column":6},"end":{"line":234,"column":8}},"123":{"start":{"line":228,"column":10},"end":{"line":231,"column":30}},"124":{"start":{"line":232,"column":8},"end":{"line":232,"column":35}},"125":{"start":{"line":233,"column":8},"end":{"line":233,"column":53}},"126":{"start":{"line":239,"column":4},"end":{"line":239,"column":32}},"127":{"start":{"line":240,"column":4},"end":{"line":242,"column":6}},"128":{"start":{"line":241,"column":40},"end":{"line":241,"column":61}},"129":{"start":{"line":243,"column":17},"end":{"line":243,"column":40}},"130":{"start":{"line":244,"column":4},"end":{"line":245,"column":70}},"131":{"start":{"line":245,"column":6},"end":{"line":245,"column":70}},"132":{"start":{"line":246,"column":4},"end":{"line":249,"column":69}},"133":{"start":{"line":247,"column":6},"end":{"line":247,"column":26}},"134":{"start":{"line":248,"column":11},"end":{"line":249,"column":69}},"135":{"start":{"line":249,"column":6},"end":{"line":249,"column":69}},"136":{"start":{"line":250,"column":4},"end":{"line":276,"column":5}},"137":{"start":{"line":251,"column":6},"end":{"line":251,"column":26}},"138":{"start":{"line":252,"column":11},"end":{"line":276,"column":5}},"139":{"start":{"line":253,"column":6},"end":{"line":253,"column":19}},"140":{"start":{"line":254,"column":14},"end":{"line":256,"column":7}},"141":{"start":{"line":257,"column":6},"end":{"line":257,"column":35}},"142":{"start":{"line":258,"column":14},"end":{"line":260,"column":7}},"143":{"start":{"line":261,"column":6},"end":{"line":261,"column":35}},"144":{"start":{"line":262,"column":14},"end":{"line":264,"column":7}},"145":{"start":{"line":265,"column":6},"end":{"line":265,"column":29}},"146":{"start":{"line":266,"column":20},"end":{"line":266,"column":42}},"147":{"start":{"line":267,"column":6},"end":{"line":267,"column":27}},"148":{"start":{"line":268,"column":6},"end":{"line":268,"column":80}},"149":{"start":{"line":269,"column":6},"end":{"line":269,"column":49}},"150":{"start":{"line":270,"column":6},"end":{"line":270,"column":55}},"151":{"start":{"line":271,"column":6},"end":{"line":271,"column":36}},"152":{"start":{"line":272,"column":6},"end":{"line":272,"column":35}},"153":{"start":{"line":273,"column":6},"end":{"line":275,"column":7}},"154":{"start":{"line":274,"column":8},"end":{"line":274,"column":28}},"155":{"start":{"line":277,"column":4},"end":{"line":281,"column":5}},"156":{"start":{"line":282,"column":4},"end":{"line":282,"column":44}},"157":{"start":{"line":286,"column":4},"end":{"line":286,"column":78}},"158":{"start":{"line":291,"column":25},"end":{"line":291,"column":59}},"159":{"start":{"line":292,"column":4},"end":{"line":294,"column":7}},"160":{"start":{"line":293,"column":6},"end":{"line":293,"column":35}},"161":{"start":{"line":296,"column":17},"end":{"line":296,"column":70}},"162":{"start":{"line":297,"column":4},"end":{"line":303,"column":13}}},"fnMap":{"0":{"name":"(anonymous_0)","decl":{"start":{"line":29,"column":8},"end":{"line":29,"column":9}},"loc":{"start":{"line":29,"column":20},"end":{"line":236,"column":3}},"line":29},"1":{"name":"(anonymous_1)","decl":{"start":{"line":181,"column":8},"end":{"line":181,"column":9}},"loc":{"start":{"line":181,"column":19},"end":{"line":183,"column":9}},"line":181},"2":{"name":"(anonymous_2)","decl":{"start":{"line":204,"column":38},"end":{"line":204,"column":39}},"loc":{"start":{"line":204,"column":49},"end":{"line":216,"column":5}},"line":204},"3":{"name":"(anonymous_3)","decl":{"start":{"line":226,"column":26},"end":{"line":226,"column":27}},"loc":{"start":{"line":226,"column":32},"end":{"line":234,"column":7}},"line":226},"4":{"name":"(anonymous_4)","decl":{"start":{"line":238,"column":12},"end":{"line":238,"column":13}},"loc":{"start":{"line":238,"column":29},"end":{"line":283,"column":3}},"line":238},"5":{"name":"(anonymous_5)","decl":{"start":{"line":241,"column":27},"end":{"line":241,"column":28}},"loc":{"start":{"line":241,"column":40},"end":{"line":241,"column":61}},"line":241},"6":{"name":"(anonymous_6)","decl":{"start":{"line":285,"column":12},"end":{"line":285,"column":13}},"loc":{"start":{"line":285,"column":31},"end":{"line":287,"column":3}},"line":285},"7":{"name":"(anonymous_7)","decl":{"start":{"line":289,"column":12},"end":{"line":289,"column":13}},"loc":{"start":{"line":289,"column":27},"end":{"line":304,"column":3}},"line":289},"8":{"name":"(anonymous_8)","decl":{"start":{"line":292,"column":38},"end":{"line":292,"column":39}},"loc":{"start":{"line":292,"column":60},"end":{"line":294,"column":5}},"line":292}},"branchMap":{"0":{"loc":{"start":{"line":93,"column":6},"end":{"line":178,"column":7}},"type":"switch","locations":[{"start":{"line":94,"column":8},"end":{"line":111,"column":16}},{"start":{"line":112,"column":8},"end":{"line":133,"column":16}},{"start":{"line":134,"column":8},"end":{"line":177,"column":16}}],"line":93},"1":{"loc":{"start":{"line":205,"column":6},"end":{"line":215,"column":7}},"type":"if","locations":[{"start":{"line":205,"column":6},"end":{"line":215,"column":7}},{"start":{"line":213,"column":13},"end":{"line":215,"column":7}}],"line":205},"2":{"loc":{"start":{"line":207,"column":8},"end":{"line":211,"column":9}},"type":"if","locations":[{"start":{"line":207,"column":8},"end":{"line":211,"column":9}},{"start":{"line":209,"column":15},"end":{"line":211,"column":9}}],"line":207},"3":{"loc":{"start":{"line":218,"column":4},"end":{"line":235,"column":5}},"type":"if","locations":[{"start":{"line":218,"column":4},"end":{"line":235,"column":5}},{"start":{},"end":{}}],"line":218},"4":{"loc":{"start":{"line":221,"column":9},"end":{"line":221,"column":63}},"type":"cond-expr","locations":[{"start":{"line":221,"column":32},"end":{"line":221,"column":57}},{"start":{"line":221,"column":60},"end":{"line":221,"column":63}}],"line":221},"5":{"loc":{"start":{"line":229,"column":11},"end":{"line":229,"column":65}},"type":"cond-expr","locations":[{"start":{"line":229,"column":34},"end":{"line":229,"column":59}},{"start":{"line":229,"column":62},"end":{"line":229,"column":65}}],"line":229},"6":{"loc":{"start":{"line":244,"column":4},"end":{"line":245,"column":70}},"type":"if","locations":[{"start":{"line":244,"column":4},"end":{"line":245,"column":70}},{"start":{},"end":{}}],"line":244},"7":{"loc":{"start":{"line":246,"column":4},"end":{"line":249,"column":69}},"type":"if","locations":[{"start":{"line":246,"column":4},"end":{"line":249,"column":69}},{"start":{"line":248,"column":11},"end":{"line":249,"column":69}}],"line":246},"8":{"loc":{"start":{"line":246,"column":8},"end":{"line":246,"column":57}},"type":"binary-expr","locations":[{"start":{"line":246,"column":8},"end":{"line":246,"column":24}},{"start":{"line":246,"column":28},"end":{"line":246,"column":57}}],"line":246},"9":{"loc":{"start":{"line":248,"column":11},"end":{"line":249,"column":69}},"type":"if","locations":[{"start":{"line":248,"column":11},"end":{"line":249,"column":69}},{"start":{},"end":{}}],"line":248},"10":{"loc":{"start":{"line":250,"column":4},"end":{"line":276,"column":5}},"type":"if","locations":[{"start":{"line":250,"column":4},"end":{"line":276,"column":5}},{"start":{"line":252,"column":11},"end":{"line":276,"column":5}}],"line":250},"11":{"loc":{"start":{"line":250,"column":8},"end":{"line":250,"column":62}},"type":"binary-expr","locations":[{"start":{"line":250,"column":8},"end":{"line":250,"column":29}},{"start":{"line":250,"column":33},"end":{"line":250,"column":62}}],"line":250},"12":{"loc":{"start":{"line":252,"column":11},"end":{"line":276,"column":5}},"type":"if","locations":[{"start":{"line":252,"column":11},"end":{"line":276,"column":5}},{"start":{},"end":{}}],"line":252},"13":{"loc":{"start":{"line":273,"column":6},"end":{"line":275,"column":7}},"type":"if","locations":[{"start":{"line":273,"column":6},"end":{"line":275,"column":7}},{"start":{},"end":{}}],"line":273},"14":{"loc":{"start":{"line":273,"column":10},"end":{"line":273,"column":59}},"type":"binary-expr","locations":[{"start":{"line":273,"column":10},"end":{"line":273,"column":26}},{"start":{"line":273,"column":30},"end":{"line":273,"column":59}}],"line":273},"15":{"loc":{"start":{"line":297,"column":11},"end":{"line":303,"column":12}},"type":"cond-expr","locations":[{"start":{"line":298,"column":8},"end":{"line":302,"column":9}},{"start":{"line":303,"column":8},"end":{"line":303,"column":12}}],"line":297}},"s":{"0":0,"1":0,"2":0,"3":0,"4":0,"5":0,"6":0,"7":0,"8":0,"9":0,"10":0,"11":0,"12":0,"13":0,"14":0,"15":0,"16":0,"17":0,"18":0,"19":0,"20":0,"21":0,"22":0,"23":0,"24":0,"25":0,"26":0,"27":0,"28":0,"29":0,"30":0,"31":0,"32":0,"33":0,"34":0,"35":0,"36":0,"37":0,"38":0,"39":0,"40":0,"41":0,"42":0,"43":0,"44":0,"45":0,"46":0,"47":0,"48":0,"49":0,"50":0,"51":0,"52":0,"53":0,"54":0,"55":0,"56":0,"57":0,"58":0,"59":0,"60":0,"61":0,"62":0,"63":0,"64":0,"65":0,"66":0,"67":0,"68":0,"69":0,"70":0,"71":0,"72":0,"73":0,"74":0,"75":0,"76":0,"77":0,"78":0,"79":0,"80":0,"81":0,"82":0,"83":0,"84":0,"85":0,"86":0,"87":0,"88":0,"89":0,"90":0,"91":0,"92":0,"93":0,"94":0,"95":0,"96":0,"97":0,"98":0,"99":0,"100":0,"101":0,"102":0,"103":0,"104":0,"105":0,"106":0,"107":0,"108":0,"109":0,"110":0,"111":0,"112":0,"113":0,"114":0,"115":0,"116":0,"117":0,"118":0,"119":0,"120":0,"121":0,"122":0,"123":0,"124":0,"125":0,"126":0,"127":0,"128":0,"129":0,"130":0,"131":0,"132":0,"133":0,"134":0,"135":0,"136":0,"137":0,"138":0,"139":0,"140":0,"141":0,"142":0,"143":0,"144":0,"145":0,"146":0,"147":0,"148":0,"149":0,"150":0,"151":0,"152":0,"153":0,"154":0,"155":0,"156":0,"157":0,"158":0,"159":0,"160":0,"161":0,"162":0},"f":{"0":0,"1":0,"2":0,"3":0,"4":0,"5":0,"6":0,"7":0,"8":0},"b":{"0":[0,0,0],"1":[0,0],"2":[0,0],"3":[0,0],"4":[0,0],"5":[0,0],"6":[0,0],"7":[0,0],"8":[0,0],"9":[0,0],"10":[0,0],"11":[0,0],"12":[0,0],"13":[0,0],"14":[0,0],"15":[0,0]}}
,"/home/titivat/Thesis/webpack-react/src/components/Aframe/a-frame-components/isGrab.js": {"path":"/home/titivat/Thesis/webpack-react/src/components/Aframe/a-frame-components/isGrab.js","statementMap":{"0":{"start":{"line":1,"column":0},"end":{"line":9,"column":4}}},"fnMap":{"0":{"name":"(anonymous_0)","decl":{"start":{"line":2,"column":10},"end":{"line":2,"column":11}},"loc":{"start":{"line":2,"column":22},"end":{"line":3,"column":5}},"line":2},"1":{"name":"(anonymous_1)","decl":{"start":{"line":5,"column":10},"end":{"line":5,"column":11}},"loc":{"start":{"line":5,"column":24},"end":{"line":7,"column":9}},"line":5}},"branchMap":{},"s":{"0":0},"f":{"0":0,"1":0},"b":{}}
,"/home/titivat/Thesis/webpack-react/src/components/Aframe/a-frame-components/lerper.js": {"path":"/home/titivat/Thesis/webpack-react/src/components/Aframe/a-frame-components/lerper.js","statementMap":{"0":{"start":{"line":1,"column":0},"end":{"line":10,"column":2}},"1":{"start":{"line":3,"column":8},"end":{"line":3,"column":36}},"2":{"start":{"line":4,"column":8},"end":{"line":4,"column":33}},"3":{"start":{"line":8,"column":8},"end":{"line":8,"column":15}}},"fnMap":{"0":{"name":"(anonymous_0)","decl":{"start":{"line":2,"column":10},"end":{"line":2,"column":11}},"loc":{"start":{"line":2,"column":14},"end":{"line":5,"column":5}},"line":2},"1":{"name":"(anonymous_1)","decl":{"start":{"line":7,"column":12},"end":{"line":7,"column":13}},"loc":{"start":{"line":7,"column":16},"end":{"line":9,"column":5}},"line":7}},"branchMap":{},"s":{"0":0,"1":0,"2":0,"3":0},"f":{"0":0,"1":0},"b":{}}
,"/home/titivat/Thesis/webpack-react/src/components/Aframe/modals/index.js": {"path":"/home/titivat/Thesis/webpack-react/src/components/Aframe/modals/index.js","statementMap":{},"fnMap":{},"branchMap":{},"s":{},"f":{},"b":{}}
,"/home/titivat/Thesis/webpack-react/src/components/Aframe/modals/ObjectItem/index.js": {"path":"/home/titivat/Thesis/webpack-react/src/components/Aframe/modals/ObjectItem/index.js","statementMap":{"0":{"start":{"line":8,"column":14},"end":{"line":11,"column":1}},"1":{"start":{"line":9,"column":22},"end":{"line":9,"column":39}},"2":{"start":{"line":10,"column":4},"end":{"line":10,"column":40}},"3":{"start":{"line":13,"column":19},"end":{"line":56,"column":1}},"4":{"start":{"line":14,"column":4},"end":{"line":16,"column":5}},"5":{"start":{"line":15,"column":8},"end":{"line":15,"column":19}},"6":{"start":{"line":18,"column":39},"end":{"line":21,"column":5}},"7":{"start":{"line":19,"column":8},"end":{"line":19,"column":30}},"8":{"start":{"line":20,"column":8},"end":{"line":20,"column":32}},"9":{"start":{"line":23,"column":4},"end":{"line":55,"column":5}},"10":{"start":{"line":26,"column":58},"end":{"line":26,"column":62}},"11":{"start":{"line":27,"column":16},"end":{"line":50,"column":17}},"12":{"start":{"line":39,"column":44},"end":{"line":39,"column":76}}},"fnMap":{"0":{"name":"(anonymous_0)","decl":{"start":{"line":8,"column":14},"end":{"line":8,"column":15}},"loc":{"start":{"line":8,"column":32},"end":{"line":11,"column":1}},"line":8},"1":{"name":"(anonymous_1)","decl":{"start":{"line":13,"column":19},"end":{"line":13,"column":20}},"loc":{"start":{"line":13,"column":79},"end":{"line":56,"column":1}},"line":13},"2":{"name":"(anonymous_2)","decl":{"start":{"line":18,"column":39},"end":{"line":18,"column":40}},"loc":{"start":{"line":18,"column":49},"end":{"line":21,"column":5}},"line":18},"3":{"name":"(anonymous_3)","decl":{"start":{"line":25,"column":26},"end":{"line":25,"column":27}},"loc":{"start":{"line":25,"column":36},"end":{"line":51,"column":13}},"line":25},"4":{"name":"(anonymous_4)","decl":{"start":{"line":39,"column":38},"end":{"line":39,"column":39}},"loc":{"start":{"line":39,"column":44},"end":{"line":39,"column":76}},"line":39}},"branchMap":{"0":{"loc":{"start":{"line":14,"column":4},"end":{"line":16,"column":5}},"type":"if","locations":[{"start":{"line":14,"column":4},"end":{"line":16,"column":5}},{"start":{},"end":{}}],"line":14}},"s":{"0":0,"1":0,"2":0,"3":0,"4":0,"5":0,"6":0,"7":0,"8":0,"9":0,"10":0,"11":0,"12":0},"f":{"0":0,"1":0,"2":0,"3":0,"4":0},"b":{"0":[0,0]}}
,"/home/titivat/Thesis/webpack-react/src/components/Aframe/modals/ObjectModal/ObjectModal.js": {"path":"/home/titivat/Thesis/webpack-react/src/components/Aframe/modals/ObjectModal/ObjectModal.js","statementMap":{"0":{"start":{"line":25,"column":70},"end":{"line":25,"column":86}},"1":{"start":{"line":26,"column":76},"end":{"line":26,"column":92}},"2":{"start":{"line":27,"column":34},"end":{"line":27,"column":46}},"3":{"start":{"line":28,"column":34},"end":{"line":28,"column":49}},"4":{"start":{"line":29,"column":50},"end":{"line":29,"column":62}},"5":{"start":{"line":31,"column":4},"end":{"line":38,"column":17}},"6":{"start":{"line":35,"column":12},"end":{"line":35,"column":32}},"7":{"start":{"line":37,"column":8},"end":{"line":37,"column":20}},"8":{"start":{"line":40,"column":25},"end":{"line":44,"column":5}},"9":{"start":{"line":41,"column":8},"end":{"line":41,"column":25}},"10":{"start":{"line":42,"column":8},"end":{"line":42,"column":25}},"11":{"start":{"line":43,"column":8},"end":{"line":43,"column":47}},"12":{"start":{"line":43,"column":34},"end":{"line":43,"column":46}},"13":{"start":{"line":47,"column":4},"end":{"line":79,"column":15}},"14":{"start":{"line":83,"column":17},"end":{"line":114,"column":1}}},"fnMap":{"0":{"name":"ObjectModal","decl":{"start":{"line":21,"column":24},"end":{"line":21,"column":35}},"loc":{"start":{"line":24,"column":3},"end":{"line":80,"column":1}},"line":24},"1":{"name":"(anonymous_1)","decl":{"start":{"line":31,"column":14},"end":{"line":31,"column":15}},"loc":{"start":{"line":31,"column":20},"end":{"line":38,"column":5}},"line":31},"2":{"name":"fetchMyAPI","decl":{"start":{"line":32,"column":23},"end":{"line":32,"column":33}},"loc":{"start":{"line":32,"column":36},"end":{"line":36,"column":9}},"line":32},"3":{"name":"(anonymous_3)","decl":{"start":{"line":40,"column":25},"end":{"line":40,"column":26}},"loc":{"start":{"line":40,"column":41},"end":{"line":44,"column":5}},"line":40},"4":{"name":"(anonymous_4)","decl":{"start":{"line":43,"column":19},"end":{"line":43,"column":20}},"loc":{"start":{"line":43,"column":34},"end":{"line":43,"column":46}},"line":43}},"branchMap":{},"s":{"0":0,"1":0,"2":0,"3":0,"4":0,"5":0,"6":0,"7":0,"8":0,"9":0,"10":0,"11":0,"12":0,"13":0,"14":0},"f":{"0":0,"1":0,"2":0,"3":0,"4":0},"b":{}}
,"/home/titivat/Thesis/webpack-react/src/components/Aframe/modals/ObjectModal/index.js": {"path":"/home/titivat/Thesis/webpack-react/src/components/Aframe/modals/ObjectModal/index.js","statementMap":{},"fnMap":{},"branchMap":{},"s":{},"f":{},"b":{}}
,"/home/titivat/Thesis/webpack-react/src/components/Aframe/modals/ObjectModal/modal/PlaceObjectModal/AddNewTag.js": {"path":"/home/titivat/Thesis/webpack-react/src/components/Aframe/modals/ObjectModal/modal/PlaceObjectModal/AddNewTag.js","statementMap":{"0":{"start":{"line":10,"column":18},"end":{"line":26,"column":1}},"1":{"start":{"line":14,"column":2},"end":{"line":16,"column":3}},"2":{"start":{"line":15,"column":4},"end":{"line":15,"column":15}},"3":{"start":{"line":18,"column":2},"end":{"line":25,"column":11}}},"fnMap":{"0":{"name":"(anonymous_0)","decl":{"start":{"line":10,"column":18},"end":{"line":10,"column":19}},"loc":{"start":{"line":13,"column":6},"end":{"line":26,"column":1}},"line":13}},"branchMap":{"0":{"loc":{"start":{"line":14,"column":2},"end":{"line":16,"column":3}},"type":"if","locations":[{"start":{"line":14,"column":2},"end":{"line":16,"column":3}},{"start":{},"end":{}}],"line":14}},"s":{"0":0,"1":0,"2":0,"3":0},"f":{"0":0},"b":{"0":[0,0]}}
,"/home/titivat/Thesis/webpack-react/src/components/Aframe/modals/ObjectModal/modal/PlaceObjectModal/DeviceTags.js": {"path":"/home/titivat/Thesis/webpack-react/src/components/Aframe/modals/ObjectModal/modal/PlaceObjectModal/DeviceTags.js","statementMap":{"0":{"start":{"line":11,"column":19},"end":{"line":42,"column":1}},"1":{"start":{"line":15,"column":2},"end":{"line":19,"column":3}},"2":{"start":{"line":16,"column":4},"end":{"line":16,"column":15}},"3":{"start":{"line":17,"column":8},"end":{"line":19,"column":3}},"4":{"start":{"line":18,"column":4},"end":{"line":18,"column":15}},"5":{"start":{"line":21,"column":2},"end":{"line":41,"column":9}},"6":{"start":{"line":29,"column":62},"end":{"line":29,"column":65}},"7":{"start":{"line":30,"column":6},"end":{"line":39,"column":7}},"8":{"start":{"line":30,"column":85},"end":{"line":30,"column":106}}},"fnMap":{"0":{"name":"(anonymous_0)","decl":{"start":{"line":11,"column":19},"end":{"line":11,"column":20}},"loc":{"start":{"line":14,"column":6},"end":{"line":42,"column":1}},"line":14},"1":{"name":"(anonymous_1)","decl":{"start":{"line":28,"column":20},"end":{"line":28,"column":21}},"loc":{"start":{"line":28,"column":27},"end":{"line":40,"column":5}},"line":28},"2":{"name":"(anonymous_2)","decl":{"start":{"line":30,"column":79},"end":{"line":30,"column":80}},"loc":{"start":{"line":30,"column":85},"end":{"line":30,"column":106}},"line":30}},"branchMap":{"0":{"loc":{"start":{"line":15,"column":2},"end":{"line":19,"column":3}},"type":"if","locations":[{"start":{"line":15,"column":2},"end":{"line":19,"column":3}},{"start":{"line":17,"column":8},"end":{"line":19,"column":3}}],"line":15},"1":{"loc":{"start":{"line":17,"column":8},"end":{"line":19,"column":3}},"type":"if","locations":[{"start":{"line":17,"column":8},"end":{"line":19,"column":3}},{"start":{},"end":{}}],"line":17}},"s":{"0":0,"1":0,"2":0,"3":0,"4":0,"5":0,"6":0,"7":0,"8":0},"f":{"0":0,"1":0,"2":0},"b":{"0":[0,0],"1":[0,0]}}
,"/home/titivat/Thesis/webpack-react/src/components/Aframe/modals/ObjectModal/modal/PlaceObjectModal/InputNewTag.js": {"path":"/home/titivat/Thesis/webpack-react/src/components/Aframe/modals/ObjectModal/modal/PlaceObjectModal/InputNewTag.js","statementMap":{"0":{"start":{"line":11,"column":20},"end":{"line":11,"column":43}},"1":{"start":{"line":13,"column":20},"end":{"line":38,"column":1}},"2":{"start":{"line":17,"column":2},"end":{"line":17,"column":30}},"3":{"start":{"line":17,"column":19},"end":{"line":17,"column":30}},"4":{"start":{"line":19,"column":38},"end":{"line":19,"column":50}},"5":{"start":{"line":20,"column":36},"end":{"line":20,"column":48}},"6":{"start":{"line":21,"column":33},"end":{"line":21,"column":45}},"7":{"start":{"line":23,"column":58},"end":{"line":23,"column":70}},"8":{"start":{"line":24,"column":33},"end":{"line":24,"column":87}},"9":{"start":{"line":24,"column":44},"end":{"line":24,"column":87}},"10":{"start":{"line":26,"column":29},"end":{"line":26,"column":107}},"11":{"start":{"line":26,"column":35},"end":{"line":26,"column":107}},"12":{"start":{"line":29,"column":2},"end":{"line":37,"column":11}},"13":{"start":{"line":30,"column":76},"end":{"line":30,"column":114}},"14":{"start":{"line":32,"column":74},"end":{"line":32,"column":108}},"15":{"start":{"line":33,"column":74},"end":{"line":33,"column":111}}},"fnMap":{"0":{"name":"(anonymous_0)","decl":{"start":{"line":13,"column":20},"end":{"line":13,"column":21}},"loc":{"start":{"line":16,"column":6},"end":{"line":38,"column":1}},"line":16},"1":{"name":"(anonymous_1)","decl":{"start":{"line":24,"column":33},"end":{"line":24,"column":34}},"loc":{"start":{"line":24,"column":44},"end":{"line":24,"column":87}},"line":24},"2":{"name":"(anonymous_2)","decl":{"start":{"line":26,"column":29},"end":{"line":26,"column":30}},"loc":{"start":{"line":26,"column":35},"end":{"line":26,"column":107}},"line":26},"3":{"name":"(anonymous_3)","decl":{"start":{"line":30,"column":67},"end":{"line":30,"column":68}},"loc":{"start":{"line":30,"column":76},"end":{"line":30,"column":114}},"line":30},"4":{"name":"(anonymous_4)","decl":{"start":{"line":32,"column":65},"end":{"line":32,"column":66}},"loc":{"start":{"line":32,"column":74},"end":{"line":32,"column":108}},"line":32},"5":{"name":"(anonymous_5)","decl":{"start":{"line":33,"column":65},"end":{"line":33,"column":66}},"loc":{"start":{"line":33,"column":74},"end":{"line":33,"column":111}},"line":33}},"branchMap":{"0":{"loc":{"start":{"line":17,"column":2},"end":{"line":17,"column":30}},"type":"if","locations":[{"start":{"line":17,"column":2},"end":{"line":17,"column":30}},{"start":{},"end":{}}],"line":17}},"s":{"0":0,"1":0,"2":0,"3":0,"4":0,"5":0,"6":0,"7":0,"8":0,"9":0,"10":0,"11":0,"12":0,"13":0,"14":0,"15":0},"f":{"0":0,"1":0,"2":0,"3":0,"4":0,"5":0},"b":{"0":[0,0]}}
,"/home/titivat/Thesis/webpack-react/src/components/Aframe/modals/ObjectModal/modal/PlaceObjectModal/PlaceObjectModal.js": {"path":"/home/titivat/Thesis/webpack-react/src/components/Aframe/modals/ObjectModal/modal/PlaceObjectModal/PlaceObjectModal.js","statementMap":{"0":{"start":{"line":17,"column":20},"end":{"line":21,"column":1}},"1":{"start":{"line":23,"column":20},"end":{"line":23,"column":43}},"2":{"start":{"line":25,"column":25},"end":{"line":102,"column":1}},"3":{"start":{"line":26,"column":42},"end":{"line":26,"column":54}},"4":{"start":{"line":27,"column":56},"end":{"line":27,"column":68}},"5":{"start":{"line":28,"column":56},"end":{"line":28,"column":68}},"6":{"start":{"line":29,"column":40},"end":{"line":29,"column":52}},"7":{"start":{"line":30,"column":40},"end":{"line":30,"column":52}},"8":{"start":{"line":31,"column":40},"end":{"line":31,"column":52}},"9":{"start":{"line":32,"column":40},"end":{"line":32,"column":55}},"10":{"start":{"line":34,"column":34},"end":{"line":34,"column":81}},"11":{"start":{"line":34,"column":43},"end":{"line":34,"column":81}},"12":{"start":{"line":35,"column":34},"end":{"line":35,"column":81}},"13":{"start":{"line":35,"column":43},"end":{"line":35,"column":81}},"14":{"start":{"line":37,"column":4},"end":{"line":43,"column":10}},"15":{"start":{"line":38,"column":25},"end":{"line":41,"column":9}},"16":{"start":{"line":39,"column":12},"end":{"line":39,"column":56}},"17":{"start":{"line":40,"column":12},"end":{"line":40,"column":38}},"18":{"start":{"line":42,"column":8},"end":{"line":42,"column":18}},"19":{"start":{"line":45,"column":30},"end":{"line":52,"column":5}},"20":{"start":{"line":46,"column":8},"end":{"line":46,"column":39}},"21":{"start":{"line":47,"column":8},"end":{"line":47,"column":39}},"22":{"start":{"line":48,"column":8},"end":{"line":48,"column":36}},"23":{"start":{"line":49,"column":8},"end":{"line":49,"column":31}},"24":{"start":{"line":50,"column":8},"end":{"line":50,"column":31}},"25":{"start":{"line":54,"column":35},"end":{"line":54,"column":87}},"26":{"start":{"line":54,"column":46},"end":{"line":54,"column":87}},"27":{"start":{"line":55,"column":35},"end":{"line":55,"column":87}},"28":{"start":{"line":55,"column":46},"end":{"line":55,"column":87}},"29":{"start":{"line":57,"column":29},"end":{"line":61,"column":5}},"30":{"start":{"line":58,"column":23},"end":{"line":58,"column":93}},"31":{"start":{"line":59,"column":8},"end":{"line":59,"column":46}},"32":{"start":{"line":60,"column":8},"end":{"line":60,"column":28}},"33":{"start":{"line":63,"column":28},"end":{"line":66,"column":5}},"34":{"start":{"line":64,"column":30},"end":{"line":64,"column":75}},"35":{"start":{"line":64,"column":57},"end":{"line":64,"column":74}},"36":{"start":{"line":65,"column":8},"end":{"line":65,"column":36}},"37":{"start":{"line":68,"column":27},"end":{"line":68,"column":52}},"38":{"start":{"line":68,"column":33},"end":{"line":68,"column":52}},"39":{"start":{"line":70,"column":4},"end":{"line":101,"column":5}}},"fnMap":{"0":{"name":"(anonymous_0)","decl":{"start":{"line":25,"column":25},"end":{"line":25,"column":26}},"loc":{"start":{"line":25,"column":69},"end":{"line":102,"column":1}},"line":25},"1":{"name":"(anonymous_1)","decl":{"start":{"line":34,"column":34},"end":{"line":34,"column":35}},"loc":{"start":{"line":34,"column":43},"end":{"line":34,"column":81}},"line":34},"2":{"name":"(anonymous_2)","decl":{"start":{"line":35,"column":34},"end":{"line":35,"column":35}},"loc":{"start":{"line":35,"column":43},"end":{"line":35,"column":81}},"line":35},"3":{"name":"(anonymous_3)","decl":{"start":{"line":37,"column":14},"end":{"line":37,"column":15}},"loc":{"start":{"line":37,"column":20},"end":{"line":43,"column":5}},"line":37},"4":{"name":"(anonymous_4)","decl":{"start":{"line":38,"column":25},"end":{"line":38,"column":26}},"loc":{"start":{"line":38,"column":37},"end":{"line":41,"column":9}},"line":38},"5":{"name":"(anonymous_5)","decl":{"start":{"line":45,"column":30},"end":{"line":45,"column":31}},"loc":{"start":{"line":45,"column":36},"end":{"line":52,"column":5}},"line":45},"6":{"name":"(anonymous_6)","decl":{"start":{"line":54,"column":35},"end":{"line":54,"column":36}},"loc":{"start":{"line":54,"column":46},"end":{"line":54,"column":87}},"line":54},"7":{"name":"(anonymous_7)","decl":{"start":{"line":55,"column":35},"end":{"line":55,"column":36}},"loc":{"start":{"line":55,"column":46},"end":{"line":55,"column":87}},"line":55},"8":{"name":"(anonymous_8)","decl":{"start":{"line":57,"column":29},"end":{"line":57,"column":30}},"loc":{"start":{"line":57,"column":57},"end":{"line":61,"column":5}},"line":57},"9":{"name":"(anonymous_9)","decl":{"start":{"line":63,"column":28},"end":{"line":63,"column":29}},"loc":{"start":{"line":63,"column":38},"end":{"line":66,"column":5}},"line":63},"10":{"name":"(anonymous_10)","decl":{"start":{"line":64,"column":48},"end":{"line":64,"column":49}},"loc":{"start":{"line":64,"column":57},"end":{"line":64,"column":74}},"line":64},"11":{"name":"(anonymous_11)","decl":{"start":{"line":68,"column":27},"end":{"line":68,"column":28}},"loc":{"start":{"line":68,"column":33},"end":{"line":68,"column":52}},"line":68}},"branchMap":{"0":{"loc":{"start":{"line":78,"column":63},"end":{"line":78,"column":116}},"type":"cond-expr","locations":[{"start":{"line":78,"column":99},"end":{"line":78,"column":106}},{"start":{"line":78,"column":109},"end":{"line":78,"column":116}}],"line":78},"1":{"loc":{"start":{"line":85,"column":25},"end":{"line":94,"column":27}},"type":"binary-expr","locations":[{"start":{"line":85,"column":25},"end":{"line":85,"column":56}},{"start":{"line":85,"column":60},"end":{"line":94,"column":27}}],"line":85}},"s":{"0":0,"1":0,"2":0,"3":0,"4":0,"5":0,"6":0,"7":0,"8":0,"9":0,"10":0,"11":0,"12":0,"13":0,"14":0,"15":0,"16":0,"17":0,"18":0,"19":0,"20":0,"21":0,"22":0,"23":0,"24":0,"25":0,"26":0,"27":0,"28":0,"29":0,"30":0,"31":0,"32":0,"33":0,"34":0,"35":0,"36":0,"37":0,"38":0,"39":0},"f":{"0":0,"1":0,"2":0,"3":0,"4":0,"5":0,"6":0,"7":0,"8":0,"9":0,"10":0,"11":0},"b":{"0":[0,0],"1":[0,0]}}
,"/home/titivat/Thesis/webpack-react/src/components/Aframe/modals/ObjectModal/modal/PlaceObjectModal/Selector.js": {"path":"/home/titivat/Thesis/webpack-react/src/components/Aframe/modals/ObjectModal/modal/PlaceObjectModal/Selector.js","statementMap":{"0":{"start":{"line":10,"column":17},"end":{"line":19,"column":1}},"1":{"start":{"line":11,"column":2},"end":{"line":18,"column":18}},"2":{"start":{"line":15,"column":8},"end":{"line":15,"column":94}}},"fnMap":{"0":{"name":"(anonymous_0)","decl":{"start":{"line":10,"column":17},"end":{"line":10,"column":18}},"loc":{"start":{"line":10,"column":73},"end":{"line":19,"column":1}},"line":10},"1":{"name":"(anonymous_1)","decl":{"start":{"line":14,"column":19},"end":{"line":14,"column":20}},"loc":{"start":{"line":14,"column":29},"end":{"line":16,"column":7}},"line":14}},"branchMap":{},"s":{"0":0,"1":0,"2":0},"f":{"0":0,"1":0},"b":{}}
,"/home/titivat/Thesis/webpack-react/src/components/Aframe/modals/ObjectModal/modal/PlaceObjectModal/index.js": {"path":"/home/titivat/Thesis/webpack-react/src/components/Aframe/modals/ObjectModal/modal/PlaceObjectModal/index.js","statementMap":{},"fnMap":{},"branchMap":{},"s":{},"f":{},"b":{}}
,"/home/titivat/Thesis/webpack-react/src/components/Aframe/modals/ObjectModal/modal/addModal/AddModal.js": {"path":"/home/titivat/Thesis/webpack-react/src/components/Aframe/modals/ObjectModal/modal/addModal/AddModal.js","statementMap":{"0":{"start":{"line":6,"column":17},"end":{"line":39,"column":1}},"1":{"start":{"line":7,"column":28},"end":{"line":7,"column":40}},"2":{"start":{"line":8,"column":34},"end":{"line":8,"column":46}},"3":{"start":{"line":10,"column":28},"end":{"line":10,"column":65}},"4":{"start":{"line":10,"column":37},"end":{"line":10,"column":65}},"5":{"start":{"line":11,"column":28},"end":{"line":11,"column":72}},"6":{"start":{"line":11,"column":37},"end":{"line":11,"column":72}},"7":{"start":{"line":13,"column":33},"end":{"line":16,"column":5}},"8":{"start":{"line":14,"column":8},"end":{"line":14,"column":35}},"9":{"start":{"line":15,"column":8},"end":{"line":15,"column":21}},"10":{"start":{"line":18,"column":4},"end":{"line":38,"column":5}}},"fnMap":{"0":{"name":"(anonymous_0)","decl":{"start":{"line":6,"column":17},"end":{"line":6,"column":18}},"loc":{"start":{"line":6,"column":58},"end":{"line":39,"column":1}},"line":6},"1":{"name":"(anonymous_1)","decl":{"start":{"line":10,"column":28},"end":{"line":10,"column":29}},"loc":{"start":{"line":10,"column":37},"end":{"line":10,"column":65}},"line":10},"2":{"name":"(anonymous_2)","decl":{"start":{"line":11,"column":28},"end":{"line":11,"column":29}},"loc":{"start":{"line":11,"column":37},"end":{"line":11,"column":72}},"line":11},"3":{"name":"(anonymous_3)","decl":{"start":{"line":13,"column":33},"end":{"line":13,"column":34}},"loc":{"start":{"line":13,"column":39},"end":{"line":16,"column":5}},"line":13}},"branchMap":{},"s":{"0":0,"1":0,"2":0,"3":0,"4":0,"5":0,"6":0,"7":0,"8":0,"9":0,"10":0},"f":{"0":0,"1":0,"2":0,"3":0},"b":{}}
,"/home/titivat/Thesis/webpack-react/src/components/Aframe/modals/ObjectModal/modal/addModal/index.js": {"path":"/home/titivat/Thesis/webpack-react/src/components/Aframe/modals/ObjectModal/modal/addModal/index.js","statementMap":{},"fnMap":{},"branchMap":{},"s":{},"f":{},"b":{}}
,"/home/titivat/Thesis/webpack-react/src/components/Aframe/modals/PlaceModal/PlaceModal.js": {"path":"/home/titivat/Thesis/webpack-react/src/components/Aframe/modals/PlaceModal/PlaceModal.js","statementMap":{"0":{"start":{"line":20,"column":4},"end":{"line":52,"column":14}},"1":{"start":{"line":44,"column":34},"end":{"line":50,"column":28}},"2":{"start":{"line":56,"column":17},"end":{"line":87,"column":1}}},"fnMap":{"0":{"name":"PlaceModal","decl":{"start":{"line":13,"column":24},"end":{"line":13,"column":34}},"loc":{"start":{"line":16,"column":3},"end":{"line":53,"column":1}},"line":16},"1":{"name":"(anonymous_1)","decl":{"start":{"line":44,"column":26},"end":{"line":44,"column":27}},"loc":{"start":{"line":44,"column":34},"end":{"line":50,"column":28}},"line":44}},"branchMap":{},"s":{"0":0,"1":0,"2":0},"f":{"0":0,"1":0},"b":{}}
,"/home/titivat/Thesis/webpack-react/src/components/Aframe/modals/PlaceModal/index.js": {"path":"/home/titivat/Thesis/webpack-react/src/components/Aframe/modals/PlaceModal/index.js","statementMap":{},"fnMap":{},"branchMap":{},"s":{},"f":{},"b":{}}
,"/home/titivat/Thesis/webpack-react/src/components/Aframe/modals/PlaceObjectModal/index.js": {"path":"/home/titivat/Thesis/webpack-react/src/components/Aframe/modals/PlaceObjectModal/index.js","statementMap":{"0":{"start":{"line":8,"column":14},"end":{"line":20,"column":1}},"1":{"start":{"line":22,"column":25},"end":{"line":53,"column":1}},"2":{"start":{"line":23,"column":28},"end":{"line":23,"column":40}},"3":{"start":{"line":24,"column":40},"end":{"line":24,"column":52}},"4":{"start":{"line":26,"column":34},"end":{"line":26,"column":81}},"5":{"start":{"line":26,"column":43},"end":{"line":26,"column":81}},"6":{"start":{"line":27,"column":28},"end":{"line":27,"column":69}},"7":{"start":{"line":27,"column":37},"end":{"line":27,"column":69}},"8":{"start":{"line":30,"column":4},"end":{"line":52,"column":5}}},"fnMap":{"0":{"name":"(anonymous_0)","decl":{"start":{"line":22,"column":25},"end":{"line":22,"column":26}},"loc":{"start":{"line":22,"column":52},"end":{"line":53,"column":1}},"line":22},"1":{"name":"(anonymous_1)","decl":{"start":{"line":26,"column":34},"end":{"line":26,"column":35}},"loc":{"start":{"line":26,"column":43},"end":{"line":26,"column":81}},"line":26},"2":{"name":"(anonymous_2)","decl":{"start":{"line":27,"column":28},"end":{"line":27,"column":29}},"loc":{"start":{"line":27,"column":37},"end":{"line":27,"column":69}},"line":27}},"branchMap":{},"s":{"0":0,"1":0,"2":0,"3":0,"4":0,"5":0,"6":0,"7":0,"8":0},"f":{"0":0,"1":0,"2":0},"b":{}}
,"/home/titivat/Thesis/webpack-react/src/components/Aframe/modals/RulesModal/RulesModal.js": {"path":"/home/titivat/Thesis/webpack-react/src/components/Aframe/modals/RulesModal/RulesModal.js","statementMap":{"0":{"start":{"line":4,"column":14},"end":{"line":14,"column":1}},"1":{"start":{"line":16,"column":19},"end":{"line":34,"column":1}},"2":{"start":{"line":17,"column":4},"end":{"line":33,"column":5}}},"fnMap":{"0":{"name":"(anonymous_0)","decl":{"start":{"line":16,"column":19},"end":{"line":16,"column":20}},"loc":{"start":{"line":16,"column":46},"end":{"line":34,"column":1}},"line":16}},"branchMap":{},"s":{"0":0,"1":0,"2":0},"f":{"0":0},"b":{}}
,"/home/titivat/Thesis/webpack-react/src/components/Aframe/modals/RulesModal/index.js": {"path":"/home/titivat/Thesis/webpack-react/src/components/Aframe/modals/RulesModal/index.js","statementMap":{},"fnMap":{},"branchMap":{},"s":{},"f":{},"b":{}}
,"/home/titivat/Thesis/webpack-react/src/components/Aframe/systems/cyber-ws.js": {"path":"/home/titivat/Thesis/webpack-react/src/components/Aframe/systems/cyber-ws.js","statementMap":{"0":{"start":{"line":3,"column":0},"end":{"line":254,"column":3}},"1":{"start":{"line":22,"column":18},"end":{"line":22,"column":25}},"2":{"start":{"line":23,"column":4},"end":{"line":23,"column":31}},"3":{"start":{"line":24,"column":4},"end":{"line":24,"column":39}},"4":{"start":{"line":25,"column":4},"end":{"line":25,"column":58}},"5":{"start":{"line":28,"column":4},"end":{"line":38,"column":7}},"6":{"start":{"line":29,"column":17},"end":{"line":35,"column":7}},"7":{"start":{"line":36,"column":6},"end":{"line":36,"column":28}},"8":{"start":{"line":40,"column":4},"end":{"line":48,"column":7}},"9":{"start":{"line":41,"column":17},"end":{"line":47,"column":7}},"10":{"start":{"line":50,"column":4},"end":{"line":59,"column":7}},"11":{"start":{"line":51,"column":17},"end":{"line":57,"column":7}},"12":{"start":{"line":61,"column":4},"end":{"line":70,"column":7}},"13":{"start":{"line":62,"column":17},"end":{"line":68,"column":7}},"14":{"start":{"line":69,"column":6},"end":{"line":69,"column":41}},"15":{"start":{"line":72,"column":4},"end":{"line":72,"column":19}},"16":{"start":{"line":77,"column":4},"end":{"line":77,"column":61}},"17":{"start":{"line":79,"column":4},"end":{"line":81,"column":17}},"18":{"start":{"line":80,"column":6},"end":{"line":80,"column":57}},"19":{"start":{"line":83,"column":4},"end":{"line":92,"column":6}},"20":{"start":{"line":84,"column":25},"end":{"line":84,"column":33}},"21":{"start":{"line":85,"column":27},"end":{"line":85,"column":51}},"22":{"start":{"line":86,"column":6},"end":{"line":90,"column":7}},"23":{"start":{"line":87,"column":8},"end":{"line":87,"column":47}},"24":{"start":{"line":89,"column":8},"end":{"line":89,"column":41}},"25":{"start":{"line":91,"column":6},"end":{"line":91,"column":44}},"26":{"start":{"line":94,"column":4},"end":{"line":96,"column":6}},"27":{"start":{"line":95,"column":6},"end":{"line":95,"column":43}},"28":{"start":{"line":100,"column":4},"end":{"line":100,"column":37}},"29":{"start":{"line":101,"column":15},"end":{"line":101,"column":47}},"30":{"start":{"line":102,"column":4},"end":{"line":102,"column":22}},"31":{"start":{"line":104,"column":4},"end":{"line":133,"column":5}},"32":{"start":{"line":106,"column":6},"end":{"line":106,"column":53}},"33":{"start":{"line":107,"column":6},"end":{"line":107,"column":56}},"34":{"start":{"line":108,"column":6},"end":{"line":108,"column":56}},"35":{"start":{"line":109,"column":6},"end":{"line":109,"column":50}},"36":{"start":{"line":110,"column":6},"end":{"line":110,"column":46}},"37":{"start":{"line":111,"column":6},"end":{"line":111,"column":44}},"38":{"start":{"line":112,"column":6},"end":{"line":131,"column":7}},"39":{"start":{"line":113,"column":8},"end":{"line":113,"column":39}},"40":{"start":{"line":114,"column":8},"end":{"line":114,"column":45}},"41":{"start":{"line":115,"column":8},"end":{"line":118,"column":10}},"42":{"start":{"line":119,"column":13},"end":{"line":131,"column":7}},"43":{"start":{"line":120,"column":8},"end":{"line":120,"column":59}},"44":{"start":{"line":121,"column":8},"end":{"line":123,"column":10}},"45":{"start":{"line":124,"column":8},"end":{"line":127,"column":10}},"46":{"start":{"line":128,"column":13},"end":{"line":131,"column":7}},"47":{"start":{"line":129,"column":8},"end":{"line":129,"column":42}},"48":{"start":{"line":130,"column":8},"end":{"line":130,"column":60}},"49":{"start":{"line":132,"column":6},"end":{"line":132,"column":37}},"50":{"start":{"line":134,"column":23},"end":{"line":134,"column":64}},"51":{"start":{"line":135,"column":4},"end":{"line":162,"column":5}},"52":{"start":{"line":136,"column":19},"end":{"line":136,"column":53}},"53":{"start":{"line":137,"column":24},"end":{"line":137,"column":58}},"54":{"start":{"line":138,"column":23},"end":{"line":138,"column":57}},"55":{"start":{"line":139,"column":24},"end":{"line":139,"column":58}},"56":{"start":{"line":142,"column":8},"end":{"line":142,"column":48}},"57":{"start":{"line":143,"column":8},"end":{"line":143,"column":64}},"58":{"start":{"line":144,"column":8},"end":{"line":144,"column":63}},"59":{"start":{"line":147,"column":8},"end":{"line":147,"column":54}},"60":{"start":{"line":148,"column":8},"end":{"line":148,"column":64}},"61":{"start":{"line":149,"column":8},"end":{"line":149,"column":62}},"62":{"start":{"line":152,"column":8},"end":{"line":155,"column":10}},"63":{"start":{"line":156,"column":8},"end":{"line":156,"column":36}},"64":{"start":{"line":157,"column":8},"end":{"line":157,"column":36}},"65":{"start":{"line":158,"column":8},"end":{"line":158,"column":35}},"66":{"start":{"line":159,"column":8},"end":{"line":159,"column":53}},"67":{"start":{"line":160,"column":8},"end":{"line":160,"column":53}},"68":{"start":{"line":161,"column":8},"end":{"line":161,"column":34}},"69":{"start":{"line":166,"column":4},"end":{"line":166,"column":30}},"70":{"start":{"line":167,"column":4},"end":{"line":167,"column":30}},"71":{"start":{"line":168,"column":15},"end":{"line":168,"column":27}},"72":{"start":{"line":169,"column":4},"end":{"line":175,"column":77}},"73":{"start":{"line":169,"column":34},"end":{"line":169,"column":66}},"74":{"start":{"line":170,"column":9},"end":{"line":175,"column":77}},"75":{"start":{"line":170,"column":39},"end":{"line":170,"column":76}},"76":{"start":{"line":171,"column":9},"end":{"line":175,"column":77}},"77":{"start":{"line":171,"column":40},"end":{"line":171,"column":83}},"78":{"start":{"line":172,"column":9},"end":{"line":175,"column":77}},"79":{"start":{"line":172,"column":41},"end":{"line":172,"column":75}},"80":{"start":{"line":173,"column":9},"end":{"line":175,"column":77}},"81":{"start":{"line":173,"column":47},"end":{"line":173,"column":82}},"82":{"start":{"line":174,"column":9},"end":{"line":175,"column":77}},"83":{"start":{"line":174,"column":42},"end":{"line":174,"column":71}},"84":{"start":{"line":175,"column":9},"end":{"line":175,"column":77}},"85":{"start":{"line":175,"column":45},"end":{"line":175,"column":77}},"86":{"start":{"line":179,"column":17},"end":{"line":179,"column":49}},"87":{"start":{"line":180,"column":4},"end":{"line":180,"column":72}},"88":{"start":{"line":180,"column":25},"end":{"line":180,"column":72}},"89":{"start":{"line":181,"column":4},"end":{"line":181,"column":51}},"90":{"start":{"line":182,"column":4},"end":{"line":182,"column":45}},"91":{"start":{"line":183,"column":4},"end":{"line":183,"column":41}},"92":{"start":{"line":187,"column":19},"end":{"line":187,"column":51}},"93":{"start":{"line":188,"column":4},"end":{"line":191,"column":5}},"94":{"start":{"line":189,"column":6},"end":{"line":190,"column":61}},"95":{"start":{"line":190,"column":8},"end":{"line":190,"column":61}},"96":{"start":{"line":192,"column":4},"end":{"line":192,"column":43}},"97":{"start":{"line":197,"column":15},"end":{"line":197,"column":49}},"98":{"start":{"line":198,"column":20},"end":{"line":198,"column":54}},"99":{"start":{"line":199,"column":19},"end":{"line":199,"column":53}},"100":{"start":{"line":200,"column":20},"end":{"line":200,"column":54}},"101":{"start":{"line":203,"column":4},"end":{"line":203,"column":47}},"102":{"start":{"line":204,"column":4},"end":{"line":204,"column":63}},"103":{"start":{"line":205,"column":4},"end":{"line":205,"column":62}},"104":{"start":{"line":208,"column":4},"end":{"line":208,"column":50}},"105":{"start":{"line":209,"column":4},"end":{"line":209,"column":60}},"106":{"start":{"line":210,"column":4},"end":{"line":210,"column":58}},"107":{"start":{"line":213,"column":4},"end":{"line":216,"column":6}},"108":{"start":{"line":217,"column":4},"end":{"line":217,"column":32}},"109":{"start":{"line":218,"column":4},"end":{"line":218,"column":32}},"110":{"start":{"line":219,"column":4},"end":{"line":219,"column":31}},"111":{"start":{"line":220,"column":4},"end":{"line":220,"column":49}},"112":{"start":{"line":221,"column":4},"end":{"line":221,"column":49}},"113":{"start":{"line":222,"column":4},"end":{"line":222,"column":30}},"114":{"start":{"line":227,"column":19},"end":{"line":227,"column":61}},"115":{"start":{"line":228,"column":4},"end":{"line":228,"column":49}},"116":{"start":{"line":232,"column":21},"end":{"line":232,"column":60}},"117":{"start":{"line":233,"column":26},"end":{"line":233,"column":76}},"118":{"start":{"line":234,"column":25},"end":{"line":234,"column":75}},"119":{"start":{"line":235,"column":4},"end":{"line":238,"column":5}},"120":{"start":{"line":236,"column":6},"end":{"line":236,"column":65}},"121":{"start":{"line":237,"column":6},"end":{"line":237,"column":65}},"122":{"start":{"line":239,"column":4},"end":{"line":242,"column":5}},"123":{"start":{"line":240,"column":6},"end":{"line":240,"column":73}},"124":{"start":{"line":241,"column":6},"end":{"line":241,"column":73}},"125":{"start":{"line":243,"column":4},"end":{"line":246,"column":5}},"126":{"start":{"line":244,"column":6},"end":{"line":244,"column":75}},"127":{"start":{"line":245,"column":6},"end":{"line":245,"column":75}},"128":{"start":{"line":251,"column":19},"end":{"line":251,"column":56}},"129":{"start":{"line":252,"column":4},"end":{"line":252,"column":49}}},"fnMap":{"0":{"name":"(anonymous_0)","decl":{"start":{"line":21,"column":8},"end":{"line":21,"column":9}},"loc":{"start":{"line":21,"column":20},"end":{"line":73,"column":3}},"line":21},"1":{"name":"(anonymous_1)","decl":{"start":{"line":28,"column":52},"end":{"line":28,"column":53}},"loc":{"start":{"line":28,"column":59},"end":{"line":38,"column":5}},"line":28},"2":{"name":"(anonymous_2)","decl":{"start":{"line":40,"column":42},"end":{"line":40,"column":43}},"loc":{"start":{"line":40,"column":49},"end":{"line":48,"column":5}},"line":40},"3":{"name":"(anonymous_3)","decl":{"start":{"line":50,"column":44},"end":{"line":50,"column":45}},"loc":{"start":{"line":50,"column":51},"end":{"line":59,"column":5}},"line":50},"4":{"name":"(anonymous_4)","decl":{"start":{"line":61,"column":44},"end":{"line":61,"column":45}},"loc":{"start":{"line":61,"column":51},"end":{"line":70,"column":5}},"line":61},"5":{"name":"(anonymous_5)","decl":{"start":{"line":75,"column":11},"end":{"line":75,"column":12}},"loc":{"start":{"line":75,"column":23},"end":{"line":97,"column":3}},"line":75},"6":{"name":"(anonymous_6)","decl":{"start":{"line":79,"column":21},"end":{"line":79,"column":22}},"loc":{"start":{"line":79,"column":33},"end":{"line":81,"column":5}},"line":79},"7":{"name":"(anonymous_7)","decl":{"start":{"line":83,"column":24},"end":{"line":83,"column":25}},"loc":{"start":{"line":83,"column":33},"end":{"line":92,"column":5}},"line":83},"8":{"name":"(anonymous_8)","decl":{"start":{"line":94,"column":22},"end":{"line":94,"column":23}},"loc":{"start":{"line":94,"column":34},"end":{"line":96,"column":5}},"line":94},"9":{"name":"(anonymous_9)","decl":{"start":{"line":99,"column":23},"end":{"line":99,"column":24}},"loc":{"start":{"line":99,"column":47},"end":{"line":163,"column":3}},"line":99},"10":{"name":"(anonymous_10)","decl":{"start":{"line":165,"column":17},"end":{"line":165,"column":18}},"loc":{"start":{"line":165,"column":41},"end":{"line":176,"column":3}},"line":165},"11":{"name":"(anonymous_11)","decl":{"start":{"line":178,"column":24},"end":{"line":178,"column":25}},"loc":{"start":{"line":178,"column":40},"end":{"line":184,"column":3}},"line":178},"12":{"name":"(anonymous_12)","decl":{"start":{"line":186,"column":30},"end":{"line":186,"column":31}},"loc":{"start":{"line":186,"column":46},"end":{"line":193,"column":3}},"line":186},"13":{"name":"(anonymous_13)","decl":{"start":{"line":195,"column":21},"end":{"line":195,"column":22}},"loc":{"start":{"line":195,"column":37},"end":{"line":223,"column":3}},"line":195},"14":{"name":"(anonymous_14)","decl":{"start":{"line":225,"column":24},"end":{"line":225,"column":25}},"loc":{"start":{"line":225,"column":40},"end":{"line":229,"column":3}},"line":225},"15":{"name":"(anonymous_15)","decl":{"start":{"line":231,"column":24},"end":{"line":231,"column":25}},"loc":{"start":{"line":231,"column":40},"end":{"line":247,"column":3}},"line":231},"16":{"name":"(anonymous_16)","decl":{"start":{"line":249,"column":26},"end":{"line":249,"column":27}},"loc":{"start":{"line":249,"column":42},"end":{"line":253,"column":3}},"line":249}},"branchMap":{"0":{"loc":{"start":{"line":86,"column":6},"end":{"line":90,"column":7}},"type":"if","locations":[{"start":{"line":86,"column":6},"end":{"line":90,"column":7}},{"start":{"line":88,"column":13},"end":{"line":90,"column":7}}],"line":86},"1":{"loc":{"start":{"line":112,"column":6},"end":{"line":131,"column":7}},"type":"if","locations":[{"start":{"line":112,"column":6},"end":{"line":131,"column":7}},{"start":{"line":119,"column":13},"end":{"line":131,"column":7}}],"line":112},"2":{"loc":{"start":{"line":119,"column":13},"end":{"line":131,"column":7}},"type":"if","locations":[{"start":{"line":119,"column":13},"end":{"line":131,"column":7}},{"start":{"line":128,"column":13},"end":{"line":131,"column":7}}],"line":119},"3":{"loc":{"start":{"line":128,"column":13},"end":{"line":131,"column":7}},"type":"if","locations":[{"start":{"line":128,"column":13},"end":{"line":131,"column":7}},{"start":{},"end":{}}],"line":128},"4":{"loc":{"start":{"line":169,"column":4},"end":{"line":175,"column":77}},"type":"if","locations":[{"start":{"line":169,"column":4},"end":{"line":17
[...]
:52},"end":{"line":46,"column":73}},"24":{"start":{"line":47,"column":52},"end":{"line":47,"column":73}},"25":{"start":{"line":48,"column":50},"end":{"line":48,"column":71}},"26":{"start":{"line":51,"column":4},"end":{"line":56,"column":5}},"27":{"start":{"line":52,"column":23},"end":{"line":52,"column":61}},"28":{"start":{"line":53,"column":6},"end":{"line":53,"column":30}},"29":{"start":{"line":55,"column":6},"end":{"line":55,"column":22}},"30":{"start":{"line":60,"column":2},"end":{"line":62,"column":17}},"31":{"start":{"line":61,"column":4},"end":{"line":61,"column":17}},"32":{"start":{"line":65,"column":22},"end":{"line":77,"column":3}},"33":{"start":{"line":66,"column":21},"end":{"line":69,"column":5}},"34":{"start":{"line":70,"column":4},"end":{"line":76,"column":5}},"35":{"start":{"line":71,"column":23},"end":{"line":71,"column":72}},"36":{"start":{"line":72,"column":6},"end":{"line":72,"column":30}},"37":{"start":{"line":73,"column":6},"end":{"line":73,"column":29}},"38":{"start":{"line":75,"column":6},"end":{"line":75,"column":22}},"39":{"start":{"line":79,"column":20},"end":{"line":87,"column":3}},"40":{"start":{"line":80,"column":21},"end":{"line":83,"column":5}},"41":{"start":{"line":84,"column":21},"end":{"line":84,"column":82}},"42":{"start":{"line":85,"column":4},"end":{"line":85,"column":28}},"43":{"start":{"line":86,"column":4},"end":{"line":86,"column":27}},"44":{"start":{"line":89,"column":22},"end":{"line":95,"column":3}},"45":{"start":{"line":90,"column":23},"end":{"line":92,"column":5}},"46":{"start":{"line":93,"column":21},"end":{"line":93,"column":74}},"47":{"start":{"line":94,"column":4},"end":{"line":94,"column":27}},"48":{"start":{"line":98,"column":2},"end":{"line":101,"column":40}},"49":{"start":{"line":99,"column":22},"end":{"line":99,"column":47}},"50":{"start":{"line":100,"column":4},"end":{"line":100,"column":56}},"51":{"start":{"line":104,"column":26},"end":{"line":107,"column":3}},"52":{"start":{"line":105,"column":22},"end":{"line":105,"column":47}},"53":{"start":{"line":106,"column":4},"end":{"line":106,"column":29}},"54":{"start":{"line":109,"column":2},"end":{"line":152,"column":4}},"55":{"start":{"line":136,"column":27},"end":{"line":136,"column":54}},"56":{"start":{"line":141,"column":27},"end":{"line":141,"column":54}},"57":{"start":{"line":147,"column":27},"end":{"line":147,"column":53}}},"fnMap":{"0":{"name":"(anonymous_0)","decl":{"start":{"line":13,"column":17},"end":{"line":13,"column":18}},"loc":{"start":{"line":13,"column":23},"end":{"line":23,"column":1}},"line":13},"1":{"name":"(anonymous_1)","decl":{"start":{"line":17,"column":16},"end":{"line":17,"column":17}},"loc":{"start":{"line":17,"column":33},"end":{"line":21,"column":5}},"line":17},"2":{"name":"WorldMenu","decl":{"start":{"line":25,"column":24},"end":{"line":25,"column":33}},"loc":{"start":{"line":25,"column":36},"end":{"line":153,"column":1}},"line":25},"3":{"name":"(anonymous_3)","decl":{"start":{"line":40,"column":26},"end":{"line":40,"column":27}},"loc":{"start":{"line":40,"column":32},"end":{"line":40,"column":54}},"line":40},"4":{"name":"(anonymous_4)","decl":{"start":{"line":44,"column":24},"end":{"line":44,"column":25}},"loc":{"start":{"line":44,"column":30},"end":{"line":44,"column":48}},"line":44},"5":{"name":"fetchMyAPI","decl":{"start":{"line":50,"column":17},"end":{"line":50,"column":27}},"loc":{"start":{"line":50,"column":30},"end":{"line":57,"column":3}},"line":50},"6":{"name":"(anonymous_6)","decl":{"start":{"line":60,"column":12},"end":{"line":60,"column":13}},"loc":{"start":{"line":60,"column":18},"end":{"line":62,"column":3}},"line":60},"7":{"name":"(anonymous_7)","decl":{"start":{"line":65,"column":22},"end":{"line":65,"column":23}},"loc":{"start":{"line":65,"column":48},"end":{"line":77,"column":3}},"line":65},"8":{"name":"(anonymous_8)","decl":{"start":{"line":79,"column":20},"end":{"line":79,"column":21}},"loc":{"start":{"line":79,"column":49},"end":{"line":87,"column":3}},"line":79},"9":{"name":"(anonymous_9)","decl":{"start":{"line":89,"column":22},"end":{"line":89,"column":23}},"loc":{"start":{"line":89,"column":36},"end":{"line":95,"column":3}},"line":89},"10":{"name":"(anonymous_10)","decl":{"start":{"line":98,"column":12},"end":{"line":98,"column":13}},"loc":{"start":{"line":98,"column":18},"end":{"line":101,"column":3}},"line":98},"11":{"name":"(anonymous_11)","decl":{"start":{"line":104,"column":26},"end":{"line":104,"column":27}},"loc":{"start":{"line":104,"column":43},"end":{"line":107,"column":3}},"line":104},"12":{"name":"(anonymous_12)","decl":{"start":{"line":136,"column":21},"end":{"line":136,"column":22}},"loc":{"start":{"line":136,"column":27},"end":{"line":136,"column":54}},"line":136},"13":{"name":"(anonymous_13)","decl":{"start":{"line":141,"column":21},"end":{"line":141,"column":22}},"loc":{"start":{"line":141,"column":27},"end":{"line":141,"column":54}},"line":141},"14":{"name":"(anonymous_14)","decl":{"start":{"line":147,"column":21},"end":{"line":147,"column":22}},"loc":{"start":{"line":147,"column":27},"end":{"line":147,"column":53}},"line":147}},"branchMap":{"0":{"loc":{"start":{"line":17,"column":4},"end":{"line":21,"column":20}},"type":"binary-expr","locations":[{"start":{"line":17,"column":4},"end":{"line":21,"column":12}},{"start":{"line":21,"column":16},"end":{"line":21,"column":20}}],"line":17},"1":{"loc":{"start":{"line":20,"column":13},"end":{"line":20,"column":46}},"type":"cond-expr","locations":[{"start":{"line":20,"column":34},"end":{"line":20,"column":37}},{"start":{"line":20,"column":40},"end":{"line":20,"column":46}}],"line":20},"2":{"loc":{"start":{"line":20,"column":13},"end":{"line":20,"column":31}},"type":"binary-expr","locations":[{"start":{"line":20,"column":13},"end":{"line":20,"column":20}},{"start":{"line":20,"column":24},"end":{"line":20,"column":31}}],"line":20}},"s":{"0":1,"1":4,"2":4,"3":4,"4":20,"5":20,"6":4,"7":4,"8":4,"9":4,"10":4,"11":4,"12":4,"13":4,"14":4,"15":4,"16":4,"17":4,"18":0,"19":4,"20":4,"21":4,"22":0,"23":4,"24":4,"25":4,"26":1,"27":1,"28":1,"29":1,"30":4,"31":1,"32":4,"33":1,"34":1,"35":1,"36":1,"37":0,"38":1,"39":4,"40":0,"41":0,"42":0,"43":0,"44":4,"45":0,"46":0,"47":0,"48":4,"49":1,"50":1,"51":4,"52":0,"53":0,"54":4,"55":1,"56":0,"57":0},"f":{"0":4,"1":20,"2":4,"3":0,"4":0,"5":1,"6":1,"7":1,"8":0,"9":0,"10":1,"11":0,"12":1,"13":0,"14":0},"b":{"0":[4,4],"1":[0,20],"2":[20,20]},"_coverageSchema":"1a1c01bbd47fc00a2c39e90264f33305004495a9","hash":"380b61f1ac7a1a8410ffd92ed2073afcc292e05f"}
,"/home/titivat/Thesis/webpack-react/src/components/WorldMenu/index.js": {"path":"/home/titivat/Thesis/webpack-react/src/components/WorldMenu/index.js","statementMap":{},"fnMap":{},"branchMap":{},"s":{},"f":{},"b":{}}
,"/home/titivat/Thesis/webpack-react/src/components/WorldMenu/Modals/index.js": {"path":"/home/titivat/Thesis/webpack-react/src/components/WorldMenu/Modals/index.js","statementMap":{},"fnMap":{},"branchMap":{},"s":{},"f":{},"b":{},"_coverageSchema":"1a1c01bbd47fc00a2c39e90264f33305004495a9","hash":"c3e04b77763cd3c090ffe5e9b9545ff5ce4eb055"}
,"/home/titivat/Thesis/webpack-react/src/components/WorldMenu/Modals/CreationModal/index.js": {"path":"/home/titivat/Thesis/webpack-react/src/components/WorldMenu/Modals/CreationModal/index.js","statementMap":{"0":{"start":{"line":18,"column":30},"end":{"line":18,"column":42}},"1":{"start":{"line":19,"column":36},"end":{"line":19,"column":48}},"2":{"start":{"line":21,"column":26},"end":{"line":23,"column":3}},"3":{"start":{"line":22,"column":4},"end":{"line":22,"column":35}},"4":{"start":{"line":25,"column":16},"end":{"line":27,"column":4}},"5":{"start":{"line":29,"column":31},"end":{"line":31,"column":3}},"6":{"start":{"line":30,"column":4},"end":{"line":30,"column":42}},"7":{"start":{"line":33,"column":23},"end":{"line":36,"column":3}},"8":{"start":{"line":34,"column":4},"end":{"line":34,"column":41}},"9":{"start":{"line":35,"column":4},"end":{"line":35,"column":17}},"10":{"start":{"line":38,"column":22},"end":{"line":41,"column":3}},"11":{"start":{"line":39,"column":4},"end":{"line":39,"column":47}},"12":{"start":{"line":39,"column":17},"end":{"line":39,"column":47}},"13":{"start":{"line":40,"column":4},"end":{"line":40,"column":39}},"14":{"start":{"line":43,"column":2},"end":{"line":82,"column":4}}},"fnMap":{"0":{"name":"CreationModal","decl":{"start":{"line":17,"column":24},"end":{"line":17,"column":37}},"loc":{"start":{"line":17,"column":80},"end":{"line":83,"column":1}},"line":17},"1":{"name":"(anonymous_1)","decl":{"start":{"line":21,"column":26},"end":{"line":21,"column":27}},"loc":{"start":{"line":21,"column":35},"end":{"line":23,"column":3}},"line":21},"2":{"name":"(anonymous_2)","decl":{"start":{"line":29,"column":31},"end":{"line":29,"column":32}},"loc":{"start":{"line":29,"column":40},"end":{"line":31,"column":3}},"line":29},"3":{"name":"(anonymous_3)","decl":{"start":{"line":33,"column":23},"end":{"line":33,"column":24}},"loc":{"start":{"line":33,"column":29},"end":{"line":36,"column":3}},"line":33},"4":{"name":"(anonymous_4)","decl":{"start":{"line":38,"column":22},"end":{"line":38,"column":23}},"loc":{"start":{"line":38,"column":28},"end":{"line":41,"column":3}},"line":38}},"branchMap":{"0":{"loc":{"start":{"line":39,"column":4},"end":{"line":39,"column":47}},"type":"if","locations":[{"start":{"line":39,"column":4},"end":{"line":39,"column":47}},{"start":{},"end":{}}],"line":39}},"s":{"0":6,"1":6,"2":6,"3":1,"4":6,"5":6,"6":1,"7":6,"8":1,"9":1,"10":6,"11":6,"12":6,"13":0,"14":6},"f":{"0":6,"1":1,"2":1,"3":1,"4":6},"b":{"0":[6,0]},"_coverageSchema":"1a1c01bbd47fc00a2c39e90264f33305004495a9","hash":"f10080047e7a3702f3484fb9260c49cb139618a6"}
,"/home/titivat/Thesis/webpack-react/src/components/WorldMenu/Modals/DeletingModal/index.js": {"path":"/home/titivat/Thesis/webpack-react/src/components/WorldMenu/Modals/DeletingModal/index.js","statementMap":{"0":{"start":{"line":8,"column":23},"end":{"line":11,"column":3}},"1":{"start":{"line":9,"column":4},"end":{"line":9,"column":38}},"2":{"start":{"line":10,"column":4},"end":{"line":10,"column":18}},"3":{"start":{"line":13,"column":2},"end":{"line":34,"column":4}}},"fnMap":{"0":{"name":"DeletingModal","decl":{"start":{"line":6,"column":24},"end":{"line":6,"column":37}},"loc":{"start":{"line":6,"column":92},"end":{"line":35,"column":1}},"line":6},"1":{"name":"(anonymous_1)","decl":{"start":{"line":8,"column":23},"end":{"line":8,"column":24}},"loc":{"start":{"line":8,"column":29},"end":{"line":11,"column":3}},"line":8}},"branchMap":{},"s":{"0":4,"1":0,"2":0,"3":4},"f":{"0":4,"1":0},"b":{},"_coverageSchema":"1a1c01bbd47fc00a2c39e90264f33305004495a9","hash":"52a1f87c3d1b9bdffbc20c067190c9ea701f6a66"}
,"/home/titivat/Thesis/webpack-react/src/components/WorldMenu/Modals/EditingModal/index.js": {"path":"/home/titivat/Thesis/webpack-react/src/components/WorldMenu/Modals/EditingModal/index.js","statementMap":{"0":{"start":{"line":7,"column":36},"end":{"line":7,"column":48}},"1":{"start":{"line":8,"column":32},"end":{"line":8,"column":44}},"2":{"start":{"line":10,"column":26},"end":{"line":12,"column":3}},"3":{"start":{"line":11,"column":4},"end":{"line":11,"column":38}},"4":{"start":{"line":14,"column":29},"end":{"line":16,"column":3}},"5":{"start":{"line":15,"column":4},"end":{"line":15,"column":40}},"6":{"start":{"line":18,"column":23},"end":{"line":21,"column":3}},"7":{"start":{"line":19,"column":4},"end":{"line":19,"column":53}},"8":{"start":{"line":20,"column":4},"end":{"line":20,"column":18}},"9":{"start":{"line":23,"column":22},"end":{"line":26,"column":3}},"10":{"start":{"line":24,"column":4},"end":{"line":24,"column":32}},"11":{"start":{"line":24,"column":20},"end":{"line":24,"column":32}},"12":{"start":{"line":25,"column":4},"end":{"line":25,"column":42}},"13":{"start":{"line":29,"column":2},"end":{"line":71,"column":4}}},"fnMap":{"0":{"name":"EditingModal","decl":{"start":{"line":6,"column":24},"end":{"line":6,"column":36}},"loc":{"start":{"line":6,"column":90},"end":{"line":72,"column":1}},"line":6},"1":{"name":"(anonymous_1)","decl":{"start":{"line":10,"column":26},"end":{"line":10,"column":27}},"loc":{"start":{"line":10,"column":35},"end":{"line":12,"column":3}},"line":10},"2":{"name":"(anonymous_2)","decl":{"start":{"line":14,"column":29},"end":{"line":14,"column":30}},"loc":{"start":{"line":14,"column":38},"end":{"line":16,"column":3}},"line":14},"3":{"name":"(anonymous_3)","decl":{"start":{"line":18,"column":23},"end":{"line":18,"column":24}},"loc":{"start":{"line":18,"column":29},"end":{"line":21,"column":3}},"line":18},"4":{"name":"(anonymous_4)","decl":{"start":{"line":23,"column":22},"end":{"line":23,"column":23}},"loc":{"start":{"line":23,"column":28},"end":{"line":26,"column":3}},"line":23}},"branchMap":{"0":{"loc":{"start":{"line":24,"column":4},"end":{"line":24,"column":32}},"type":"if","locations":[{"start":{"line":24,"column":4},"end":{"line":24,"column":32}},{"start":{},"end":{}}],"line":24}},"s":{"0":4,"1":4,"2":4,"3":0,"4":4,"5":0,"6":4,"7":0,"8":0,"9":4,"10":4,"11":4,"12":0,"13":4},"f":{"0":4,"1":0,"2":0,"3":0,"4":4},"b":{"0":[4,0]},"_coverageSchema":"1a1c01bbd47fc00a2c39e90264f33305004495a9","hash":"3b8d69ef8e49124d4937c365fc9fd2fc8614f965"}
,"/home/titivat/Thesis/webpack-react/src/components/WorldMenu/ModifyItemSection/index.js": {"path":"/home/titivat/Thesis/webpack-react/src/components/WorldMenu/ModifyItemSection/index.js","statementMap":{"0":{"start":{"line":7,"column":26},"end":{"line":18,"column":1}},"1":{"start":{"line":8,"column":2},"end":{"line":17,"column":4}},"2":{"start":{"line":10,"column":81},"end":{"line":10,"column":107}}},"fnMap":{"0":{"name":"(anonymous_0)","decl":{"start":{"line":7,"column":26},"end":{"line":7,"column":27}},"loc":{"start":{"line":7,"column":71},"end":{"line":18,"column":1}},"line":7},"1":{"name":"(anonymous_1)","decl":{"start":{"line":10,"column":75},"end":{"line":10,"column":76}},"loc":{"start":{"line":10,"column":81},"end":{"line":10,"column":107}},"line":10}},"branchMap":{},"s":{"0":1,"1":4,"2":1},"f":{"0":4,"1":1},"b":{},"_coverageSchema":"1a1c01bbd47fc00a2c39e90264f33305004495a9","hash":"95e18694879d22f93a8bacda6c8b5fbf98ddf42d"}
,"/home/titivat/Thesis/webpack-react/src/components/WorldMenu/WorldSelection/WorldSelection.js": {"path":"/home/titivat/Thesis/webpack-react/src/components/WorldMenu/WorldSelection/WorldSelection.js","statementMap":{"0":{"start":{"line":16,"column":17},"end":{"line":16,"column":30}},"1":{"start":{"line":18,"column":27},"end":{"line":20,"column":3}},"2":{"start":{"line":19,"column":4},"end":{"line":19,"column":54}},"3":{"start":{"line":22,"column":26},"end":{"line":51,"column":3}},"4":{"start":{"line":23,"column":4},"end":{"line":25,"column":5}},"5":{"start":{"line":24,"column":6},"end":{"line":24,"column":13}},"6":{"start":{"line":26,"column":4},"end":{"line":50,"column":6}},"7":{"start":{"line":34,"column":12},"end":{"line":34,"column":33}},"8":{"start":{"line":35,"column":12},"end":{"line":35,"column":38}},"9":{"start":{"line":43,"column":12},"end":{"line":43,"column":33}},"10":{"start":{"line":44,"column":12},"end":{"line":44,"column":39}},"11":{"start":{"line":53,"column":2},"end":{"line":68,"column":4}},"12":{"start":{"line":57,"column":10},"end":{"line":65,"column":17}}},"fnMap":{"0":{"name":"WorldSelection","decl":{"start":{"line":9,"column":24},"end":{"line":9,"column":38}},"loc":{"start":{"line":15,"column":3},"end":{"line":69,"column":1}},"line":15},"1":{"name":"(anonymous_1)","decl":{"start":{"line":18,"column":27},"end":{"line":18,"column":28}},"loc":{"start":{"line":18,"column":35},"end":{"line":20,"column":3}},"line":18},"2":{"name":"(anonymous_2)","decl":{"start":{"line":22,"column":26},"end":{"line":22,"column":27}},"loc":{"start":{"line":22,"column":44},"end":{"line":51,"column":3}},"line":22},"3":{"name":"(anonymous_3)","decl":{"start":{"line":33,"column":19},"end":{"line":33,"column":20}},"loc":{"start":{"line":33,"column":25},"end":{"line":36,"column":11}},"line":33},"4":{"name":"(anonymous_4)","decl":{"start":{"line":42,"column":19},"end":{"line":42,"column":20}},"loc":{"start":{"line":42,"column":25},"end":{"line":45,"column":11}},"line":42},"5":{"name":"(anonymous_5)","decl":{"start":{"line":56,"column":25},"end":{"line":56,"column":26}},"loc":{"start":{"line":57,"column":10},"end":{"line":65,"column":17}},"line":57}},"branchMap":{"0":{"loc":{"start":{"line":23,"column":4},"end":{"line":25,"column":5}},"type":"if","locations":[{"start":{"line":23,"column":4},"end":{"line":25,"column":5}},{"start":{},"end":{}}],"line":23},"1":{"loc":{"start":{"line":55,"column":7},"end":{"line":66,"column":10}},"type":"binary-expr","locations":[{"start":{"line":55,"column":7},"end":{"line":55,"column":19}},{"start":{"line":56,"column":8},"end":{"line":66,"column":10}}],"line":55}},"s":{"0":4,"1":4,"2":0,"3":4,"4":0,"5":0,"6":0,"7":0,"8":0,"9":0,"10":0,"11":4,"12":0},"f":{"0":4,"1":0,"2":0,"3":0,"4":0,"5":0},"b":{"0":[0,0],"1":[4,3]},"_coverageSchema":"1a1c01bbd47fc00a2c39e90264f33305004495a9","hash":"36ae7f7f11ef96b77e78336132c8999cdc3776a4"}
,"/home/titivat/Thesis/webpack-react/src/components/WorldMenu/WorldSelection/index.js": {"path":"/home/titivat/Thesis/webpack-react/src/components/WorldMenu/WorldSelection/index.js","statementMap":{},"fnMap":{},"branchMap":{},"s":{},"f":{},"b":{},"_coverageSchema":"1a1c01bbd47fc00a2c39e90264f33305004495a9","hash":"2cf94c98dabeaf31d2bc7d37183e2cff693dbc00"}
,"/home/titivat/Thesis/webpack-react/src/components/WorldMenu/WorldSelection/WorldItem/WorldItem.js": {"path":"/home/titivat/Thesis/webpack-react/src/components/WorldMenu/WorldSelection/WorldItem/WorldItem.js","statementMap":{"0":{"start":{"line":21,"column":2},"end":{"line":42,"column":4}},"1":{"start":{"line":30,"column":64},"end":{"line":30,"column":89}}},"fnMap":{"0":{"name":"WorldItem","decl":{"start":{"line":15,"column":24},"end":{"line":15,"column":33}},"loc":{"start":{"line":20,"column":3},"end":{"line":43,"column":1}},"line":20},"1":{"name":"(anonymous_1)","decl":{"start":{"line":30,"column":58},"end":{"line":30,"column":59}},"loc":{"start":{"line":30,"column":64},"end":{"line":30,"column":89}},"line":30}},"branchMap":{},"s":{"0":0,"1":0},"f":{"0":0,"1":0},"b":{},"_coverageSchema":"1a1c01bbd47fc00a2c39e90264f33305004495a9","hash":"4f82c472676f1fba9042560762e1993c6ae5b7f1"}
,"/home/titivat/Thesis/webpack-react/src/components/WorldMenu/WorldSelection/WorldItem/index.js": {"path":"/home/titivat/Thesis/webpack-react/src/components/WorldMenu/WorldSelection/WorldItem/index.js","statementMap":{},"fnMap":{},"branchMap":{},"s":{},"f":{},"b":{},"_coverageSchema":"1a1c01bbd47fc00a2c39e90264f33305004495a9","hash":"d649bc7e7649103410cbd2658e00d6481d83ab83"}
,"/home/titivat/Thesis/webpack-react/src/constants/apiPath.js": {"path":"/home/titivat/Thesis/webpack-react/src/constants/apiPath.js","statementMap":{"0":{"start":{"line":1,"column":29},"end":{"line":1,"column":54}},"1":{"start":{"line":2,"column":33},"end":{"line":2,"column":64}}},"fnMap":{},"branchMap":{},"s":{"0":1,"1":1},"f":{},"b":{},"_coverageSchema":"1a1c01bbd47fc00a2c39e90264f33305004495a9","hash":"5e644b4f1d72b51d212a910243b8af66f0702dc3"}
,"/home/titivat/Thesis/webpack-react/src/constants/cesiumToken.js": {"path":"/home/titivat/Thesis/webpack-react/src/constants/cesiumToken.js","statementMap":{"0":{"start":{"line":1,"column":28},"end":{"line":1,"column":210}}},"fnMap":{},"branchMap":{},"s":{"0":0},"f":{},"b":{}}
,"/home/titivat/Thesis/webpack-react/src/constants/palette.js": {"path":"/home/titivat/Thesis/webpack-react/src/constants/palette.js","statementMap":{},"fnMap":{},"branchMap":{},"s":{},"f":{},"b":{},"_coverageSchema":"1a1c01bbd47fc00a2c39e90264f33305004495a9","hash":"d823a92ab0f503418acd2d32292ae6a9869599df"}
,"/home/titivat/Thesis/webpack-react/src/constants/pins.js": {"path":"/home/titivat/Thesis/webpack-react/src/constants/pins.js","statementMap":{"0":{"start":{"line":1,"column":13},"end":{"line":30,"column":1}}},"fnMap":{},"branchMap":{},"s":{"0":0},"f":{},"b":{}}
}
