TN:
SF:src/App.js
FN:40,App
FNF:1
FNH:0
FNDA:0,App
DA:21,0
DA:41,0
DA:48,0
LF:3
LH:0
BRF:0
BRH:0
end_of_record
TN:
SF:src/index.js
FNF:0
FNH:0
DA:9,0
LF:1
LH:0
BRF:0
BRH:0
end_of_record
TN:
SF:src/reportWebVitals.js
FN:1,(anonymous_0)
FN:3,(anonymous_1)
FNF:2
FNH:0
FNDA:0,(anonymous_0)
FNDA:0,(anonymous_1)
DA:1,0
DA:2,0
DA:3,0
DA:4,0
DA:5,0
DA:6,0
DA:7,0
DA:8,0
LF:8
LH:0
BRDA:2,0,0,0
BRDA:2,0,1,0
BRDA:2,1,0,0
BRDA:2,1,1,0
BRF:4
BRH:0
end_of_record
TN:
SF:src/setupTests.js
FNF:0
FNH:0
LF:0
LH:0
BRF:0
BRH:0
end_of_record
TN:
SF:src/theme.js
FNF:0
FNH:0
LF:0
LH:0
BRF:0
BRH:0
end_of_record
TN:
SF:src/api/deleteApi.js
FN:4,deleteApi
FNF:1
FNH:0
FNDA:0,deleteApi
DA:2,0
DA:5,0
DA:6,0
DA:9,0
DA:11,0
DA:17,0
DA:19,0
LF:7
LH:0
BRDA:4,0,0,0
BRDA:9,1,0,0
BRDA:9,1,1,0
BRF:3
BRH:0
end_of_record
TN:
SF:src/api/getApi.js
FN:4,getApi
FNF:1
FNH:0
FNDA:0,getApi
DA:2,0
DA:5,0
DA:6,0
DA:7,0
DA:12,0
DA:14,0
LF:6
LH:0
BRDA:4,0,0,0
BRDA:6,1,0,0
BRDA:6,1,1,0
BRF:3
BRH:0
end_of_record
TN:
SF:src/api/index.js
FNF:0
FNH:0
LF:0
LH:0
BRF:0
BRH:0
end_of_record
TN:
SF:src/api/login.js
FN:4,login
FNF:1
FNH:0
FNDA:0,login
DA:2,0
DA:5,0
DA:6,0
DA:17,0
DA:19,0
DA:20,0
DA:22,0
DA:24,0
LF:8
LH:0
BRDA:17,0,0,0
BRDA:17,0,1,0
BRF:2
BRH:0
end_of_record
TN:
SF:src/api/logout.js
FN:4,login
FNF:1
FNH:0
FNDA:0,login
DA:2,0
DA:5,0
DA:6,0
DA:7,0
DA:15,0
DA:17,0
LF:6
LH:0
BRF:0
BRH:0
end_of_record
TN:
SF:src/api/postApi.js
FN:4,postApi
FNF:1
FNH:0
FNDA:0,postApi
DA:2,0
DA:5,0
DA:6,0
DA:9,0
DA:11,0
DA:17,0
DA:19,0
LF:7
LH:0
BRDA:4,0,0,0
BRDA:4,1,0,0
BRDA:9,2,0,0
BRDA:9,2,1,0
BRF:4
BRH:0
end_of_record
TN:
SF:src/api/register.js
FN:4,register
FNF:1
FNH:0
FNDA:0,register
DA:2,0
DA:5,0
DA:6,0
DA:18,0
DA:20,0
LF:5
LH:0
BRF:0
BRH:0
end_of_record
TN:
SF:src/api/userDetails.js
FN:4,userDetail
FNF:1
FNH:0
FNDA:0,userDetail
DA:2,0
DA:5,0
DA:6,0
DA:14,0
DA:16,0
LF:5
LH:0
BRF:0
BRH:0
end_of_record
TN:
SF:src/components/index.js
FNF:0
FNH:0
LF:0
LH:0
BRF:0
BRH:0
end_of_record
TN:
SF:src/components/Aframe/index.js
FN:63,(anonymous_0)
FN:72,(anonymous_1)
FN:73,(anonymous_2)
FNF:3
FNH:0
FNDA:0,(anonymous_0)
FNDA:0,(anonymous_1)
FNDA:0,(anonymous_2)
DA:17,0
DA:18,0
DA:19,0
DA:20,0
DA:29,0
DA:63,0
DA:64,0
DA:65,0
DA:66,0
DA:68,0
DA:70,0
DA:72,0
DA:73,0
DA:74,0
DA:78,0
DA:79,0
DA:80,0
DA:81,0
DA:83,0
LF:19
LH:0
BRF:0
BRH:0
end_of_record
TN:
SF:src/components/Aframe/BottomBar/BottomBar.js
FN:12,(anonymous_0)
FN:32,(anonymous_1)
FNF:2
FNH:0
FNDA:0,(anonymous_0)
FNDA:0,(anonymous_1)
DA:12,0
DA:13,0
DA:15,0
DA:32,0
LF:4
LH:0
BRF:0
BRH:0
end_of_record
TN:
SF:src/components/Aframe/BottomBar/index.js
FNF:0
FNH:0
LF:0
LH:0
BRF:0
BRH:0
end_of_record
TN:
SF:src/components/Aframe/BottomBar/tool/useToggleModal.js
FN:3,(anonymous_0)
FN:6,(anonymous_1)
FN:7,(anonymous_2)
FNF:3
FNH:0
FNDA:0,(anonymous_0)
FNDA:0,(anonymous_1)
FNDA:0,(anonymous_2)
DA:3,0
DA:4,0
DA:6,0
DA:7,0
DA:9,0
LF:5
LH:0
BRF:0
BRH:0
end_of_record
TN:
SF:src/components/Aframe/a-frame-components/EnterVRListeners.js
FN:2,(anonymous_0)
FN:3,(anonymous_1)
FN:19,(anonymous_2)
FNF:3
FNH:0
FNDA:0,(anonymous_0)
FNDA:0,(anonymous_1)
FNDA:0,(anonymous_2)
DA:1,0
DA:3,0
DA:16,0
DA:19,0
LF:4
LH:0
BRF:0
BRH:0
end_of_record
TN:
SF:src/components/Aframe/a-frame-components/aframe-aterrain-component.js
FN:1,(anonymous_0)
FN:6,__webpack_require__
FN:37,(anonymous_2)
FN:48,(anonymous_3)
FN:53,(anonymous_4)
FN:55,getDefault
FN:56,getModuleExports
FN:62,(anonymous_7)
FN:79,(anonymous_8)
FN:91,(anonymous_9)
FN:103,(anonymous_10)
FN:115,(anonymous_11)
FN:127,(anonymous_12)
FN:139,(anonymous_13)
FN:151,(anonymous_14)
FNF:15
FNH:0
FNDA:0,(anonymous_0)
FNDA:0,__webpack_require__
FNDA:0,(anonymous_2)
FNDA:0,(anonymous_3)
FNDA:0,(anonymous_4)
FNDA:0,getDefault
FNDA:0,getModuleExports
FNDA:0,(anonymous_7)
FNDA:0,(anonymous_8)
FNDA:0,(anonymous_9)
FNDA:0,(anonymous_10)
FNDA:0,(anonymous_11)
FNDA:0,(anonymous_12)
FNDA:0,(anonymous_13)
FNDA:0,(anonymous_14)
DA:1,0
DA:3,0
DA:9,0
DA:10,0
DA:13,0
DA:20,0
DA:23,0
DA:26,0
DA:31,0
DA:34,0
DA:37,0
DA:38,0
DA:39,0
DA:48,0
DA:49,0
DA:53,0
DA:54,0
DA:55,0
DA:56,0
DA:57,0
DA:58,0
DA:62,0
DA:65,0
DA:69,0
DA:82,0
DA:94,0
DA:106,0
DA:118,0
DA:130,0
DA:142,0
DA:153,0
LF:31
LH:0
BRDA:9,0,0,0
BRDA:9,0,1,0
BRDA:38,1,0,0
BRDA:38,1,1,0
BRDA:54,2,0,0
BRDA:54,2,1,0
BRDA:54,3,0,0
BRDA:54,3,1,0
BRF:8
BRH:0
end_of_record
TN:
SF:src/components/Aframe/a-frame-components/device.js
FN:29,(anonymous_0)
FN:181,(anonymous_1)
FN:204,(anonymous_2)
FN:226,(anonymous_3)
FN:238,(anonymous_4)
FN:241,(anonymous_5)
FN:285,(anonymous_6)
FN:289,(anonymous_7)
FN:292,(anonymous_8)
FNF:9
FNH:0
FNDA:0,(anonymous_0)
FNDA:0,(anonymous_1)
FNDA:0,(anonymous_2)
FNDA:0,(anonymous_3)
FNDA:0,(anonymous_4)
FNDA:0,(anonymous_5)
FNDA:0,(anonymous_6)
FNDA:0,(anonymous_7)
FNDA:0,(anonymous_8)
DA:1,0
DA:30,0
DA:31,0
DA:32,0
DA:33,0
DA:34,0
DA:35,0
DA:36,0
DA:38,0
DA:39,0
DA:40,0
DA:42,0
DA:43,0
DA:44,0
DA:45,0
DA:49,0
DA:50,0
DA:51,0
DA:52,0
DA:53,0
DA:54,0
DA:55,0
DA:56,0
DA:57,0
DA:58,0
DA:61,0
DA:62,0
DA:63,0
DA:64,0
DA:65,0
DA:66,0
DA:67,0
DA:70,0
DA:71,0
DA:72,0
DA:73,0
DA:74,0
DA:75,0
DA:76,0
DA:77,0
DA:78,0
DA:80,0
DA:81,0
DA:82,0
DA:83,0
DA:85,0
DA:86,0
DA:87,0
DA:88,0
DA:89,0
DA:90,0
DA:91,0
DA:93,0
DA:95,0
DA:96,0
DA:97,0
DA:98,0
DA:99,0
DA:108,0
DA:109,0
DA:110,0
DA:111,0
DA:113,0
DA:114,0
DA:122,0
DA:126,0
DA:127,0
DA:128,0
DA:129,0
DA:130,0
DA:131,0
DA:132,0
DA:133,0
DA:135,0
DA:136,0
DA:137,0
DA:138,0
DA:139,0
DA:140,0
DA:144,0
DA:146,0
DA:147,0
DA:148,0
DA:149,0
DA:150,0
DA:151,0
DA:152,0
DA:153,0
DA:154,0
DA:155,0
DA:163,0
DA:164,0
DA:165,0
DA:166,0
DA:167,0
DA:168,0
DA:169,0
DA:171,0
DA:172,0
DA:173,0
DA:174,0
DA:175,0
DA:176,0
DA:177,0
DA:179,0
DA:182,0
DA:185,0
DA:186,0
DA:201,0
DA:204,0
DA:205,0
DA:206,0
DA:207,0
DA:208,0
DA:210,0
DA:212,0
DA:214,0
DA:218,0
DA:220,0
DA:224,0
DA:225,0
DA:226,0
DA:228,0
DA:232,0
DA:233,0
DA:239,0
DA:240,0
DA:241,0
DA:243,0
DA:244,0
DA:245,0
DA:246,0
DA:247,0
DA:248,0
DA:249,0
DA:250,0
DA:251,0
DA:252,0
DA:253,0
DA:254,0
DA:257,0
DA:258,0
DA:261,0
DA:262,0
DA:265,0
DA:266,0
DA:267,0
DA:268,0
DA:269,0
DA:270,0
DA:271,0
DA:272,0
DA:273,0
DA:274,0
DA:277,0
DA:282,0
DA:286,0
DA:291,0
DA:292,0
DA:293,0
DA:296,0
DA:297,0
LF:162
LH:0
BRDA:93,0,0,0
BRDA:93,0,1,0
BRDA:93,0,2,0
BRDA:205,1,0,0
BRDA:205,1,1,0
BRDA:207,2,0,0
BRDA:207,2,1,0
BRDA:218,3,0,0
BRDA:218,3,1,0
BRDA:221,4,0,0
BRDA:221,4,1,0
BRDA:229,5,0,0
BRDA:229,5,1,0
BRDA:244,6,0,0
BRDA:244,6,1,0
BRDA:246,7,0,0
BRDA:246,7,1,0
BRDA:246,8,0,0
BRDA:246,8,1,0
BRDA:248,9,0,0
BRDA:248,9,1,0
BRDA:250,10,0,0
BRDA:250,10,1,0
BRDA:250,11,0,0
BRDA:250,11,1,0
BRDA:252,12,0,0
BRDA:252,12,1,0
BRDA:273,13,0,0
BRDA:273,13,1,0
BRDA:273,14,0,0
BRDA:273,14,1,0
BRDA:297,15,0,0
BRDA:297,15,1,0
BRF:33
BRH:0
end_of_record
TN:
SF:src/components/Aframe/a-frame-components/isGrab.js
FN:2,(anonymous_0)
FN:5,(anonymous_1)
FNF:2
FNH:0
FNDA:0,(anonymous_0)
FNDA:0,(anonymous_1)
DA:1,0
LF:1
LH:0
BRF:0
BRH:0
end_of_record
TN:
SF:src/components/Aframe/a-frame-components/lerper.js
FN:2,(anonymous_0)
FN:7,(anonymous_1)
FNF:2
FNH:0
FNDA:0,(anonymous_0)
FNDA:0,(anonymous_1)
DA:1,0
DA:3,0
DA:4,0
DA:8,0
LF:4
LH:0
BRF:0
BRH:0
end_of_record
TN:
SF:src/components/Aframe/modals/index.js
FNF:0
FNH:0
LF:0
LH:0
BRF:0
BRH:0
end_of_record
TN:
SF:src/components/Aframe/modals/ObjectItem/index.js
FN:8,(anonymous_0)
FN:13,(anonymous_1)
FN:18,(anonymous_2)
FN:25,(anonymous_3)
FN:39,(anonymous_4)
FNF:5
FNH:0
FNDA:0,(anonymous_0)
FNDA:0,(anonymous_1)
FNDA:0,(anonymous_2)
FNDA:0,(anonymous_3)
FNDA:0,(anonymous_4)
DA:8,0
DA:9,0
DA:10,0
DA:13,0
DA:14,0
DA:15,0
DA:18,0
DA:19,0
DA:20,0
DA:23,0
DA:26,0
DA:27,0
DA:39,0
LF:13
LH:0
BRDA:14,0,0,0
BRDA:14,0,1,0
BRF:2
BRH:0
end_of_record
TN:
SF:src/components/Aframe/modals/ObjectModal/ObjectModal.js
FN:21,ObjectModal
FN:31,(anonymous_1)
FN:32,fetchMyAPI
FN:40,(anonymous_3)
FN:43,(anonymous_4)
FNF:5
FNH:0
FNDA:0,ObjectModal
FNDA:0,(anonymous_1)
FNDA:0,fetchMyAPI
FNDA:0,(anonymous_3)
FNDA:0,(anonymous_4)
DA:25,0
DA:26,0
DA:27,0
DA:28,0
DA:29,0
DA:31,0
DA:35,0
DA:37,0
DA:40,0
DA:41,0
DA:42,0
DA:43,0
DA:47,0
DA:83,0
LF:14
LH:0
BRF:0
BRH:0
end_of_record
TN:
SF:src/components/Aframe/modals/ObjectModal/index.js
FNF:0
FNH:0
LF:0
LH:0
BRF:0
BRH:0
end_of_record
TN:
SF:src/components/Aframe/modals/ObjectModal/modal/PlaceObjectModal/AddNewTag.js
FN:10,(anonymous_0)
FNF:1
FNH:0
FNDA:0,(anonymous_0)
DA:10,0
DA:14,0
DA:15,0
DA:18,0
LF:4
LH:0
BRDA:14,0,0,0
BRDA:14,0,1,0
BRF:2
BRH:0
end_of_record
TN:
SF:src/components/Aframe/modals/ObjectModal/modal/PlaceObjectModal/DeviceTags.js
FN:11,(anonymous_0)
FN:28,(anonymous_1)
FN:30,(anonymous_2)
FNF:3
FNH:0
FNDA:0,(anonymous_0)
FNDA:0,(anonymous_1)
FNDA:0,(anonymous_2)
DA:11,0
DA:15,0
DA:16,0
DA:17,0
DA:18,0
DA:21,0
DA:29,0
DA:30,0
LF:8
LH:0
BRDA:15,0,0,0
BRDA:15,0,1,0
BRDA:17,1,0,0
BRDA:17,1,1,0
BRF:4
BRH:0
end_of_record
TN:
SF:src/components/Aframe/modals/ObjectModal/modal/PlaceObjectModal/InputNewTag.js
FN:13,(anonymous_0)
FN:24,(anonymous_1)
FN:26,(anonymous_2)
FN:30,(anonymous_3)
FN:32,(anonymous_4)
FN:33,(anonymous_5)
FNF:6
FNH:0
FNDA:0,(anonymous_0)
FNDA:0,(anonymous_1)
FNDA:0,(anonymous_2)
FNDA:0,(anonymous_3)
FNDA:0,(anonymous_4)
FNDA:0,(anonymous_5)
DA:11,0
DA:13,0
DA:17,0
DA:19,0
DA:20,0
DA:21,0
DA:23,0
DA:24,0
DA:26,0
DA:29,0
DA:30,0
DA:32,0
DA:33,0
LF:13
LH:0
BRDA:17,0,0,0
BRDA:17,0,1,0
BRF:2
BRH:0
end_of_record
TN:
SF:src/components/Aframe/modals/ObjectModal/modal/PlaceObjectModal/PlaceObjectModal.js
FN:25,(anonymous_0)
FN:34,(anonymous_1)
FN:35,(anonymous_2)
FN:37,(anonymous_3)
FN:38,(anonymous_4)
FN:45,(anonymous_5)
FN:54,(anonymous_6)
FN:55,(anonymous_7)
FN:57,(anonymous_8)
FN:63,(anonymous_9)
FN:64,(anonymous_10)
FN:68,(anonymous_11)
FNF:12
FNH:0
FNDA:0,(anonymous_0)
FNDA:0,(anonymous_1)
FNDA:0,(anonymous_2)
FNDA:0,(anonymous_3)
FNDA:0,(anonymous_4)
FNDA:0,(anonymous_5)
FNDA:0,(anonymous_6)
FNDA:0,(anonymous_7)
FNDA:0,(anonymous_8)
FNDA:0,(anonymous_9)
FNDA:0,(anonymous_10)
FNDA:0,(anonymous_11)
DA:17,0
DA:23,0
DA:25,0
DA:26,0
DA:27,0
DA:28,0
DA:29,0
DA:30,0
DA:31,0
DA:32,0
DA:34,0
DA:35,0
DA:37,0
DA:38,0
DA:39,0
DA:40,0
DA:42,0
DA:45,0
DA:46,0
DA:47,0
DA:48,0
DA:49,0
DA:50,0
DA:54,0
DA:55,0
DA:57,0
DA:58,0
DA:59,0
DA:60,0
DA:63,0
DA:64,0
DA:65,0
DA:68,0
DA:70,0
LF:34
LH:0
BRDA:78,0,0,0
BRDA:78,0,1,0
BRDA:85,1,0,0
BRDA:85,1,1,0
BRF:4
BRH:0
end_of_record
TN:
SF:src/components/Aframe/modals/ObjectModal/modal/PlaceObjectModal/Selector.js
FN:10,(anonymous_0)
FN:14,(anonymous_1)
FNF:2
FNH:0
FNDA:0,(anonymous_0)
FNDA:0,(anonymous_1)
DA:10,0
DA:11,0
DA:15,0
LF:3
LH:0
BRF:0
BRH:0
end_of_record
TN:
SF:src/components/Aframe/modals/ObjectModal/modal/PlaceObjectModal/index.js
FNF:0
FNH:0
LF:0
LH:0
BRF:0
BRH:0
end_of_record
TN:
SF:src/components/Aframe/modals/ObjectModal/modal/addModal/AddModal.js
FN:6,(anonymous_0)
FN:10,(anonymous_1)
FN:11,(anonymous_2)
FN:13,(anonymous_3)
FNF:4
FNH:0
FNDA:0,(anonymous_0)
FNDA:0,(anonymous_1)
FNDA:0,(anonymous_2)
FNDA:0,(anonymous_3)
DA:6,0
DA:7,0
DA:8,0
DA:10,0
DA:11,0
DA:13,0
DA:14,0
DA:15,0
DA:18,0
LF:9
LH:0
BRF:0
BRH:0
end_of_record
TN:
SF:src/components/Aframe/modals/ObjectModal/modal/addModal/index.js
FNF:0
FNH:0
LF:0
LH:0
BRF:0
BRH:0
end_of_record
TN:
SF:src/components/Aframe/modals/PlaceModal/PlaceModal.js
FN:13,PlaceModal
FN:44,(anonymous_1)
FNF:2
FNH:0
FNDA:0,PlaceModal
FNDA:0,(anonymous_1)
DA:20,0
DA:44,0
DA:56,0
LF:3
LH:0
BRF:0
BRH:0
end_of_record
TN:
SF:src/components/Aframe/modals/PlaceModal/index.js
FNF:0
FNH:0
LF:0
LH:0
BRF:0
BRH:0
end_of_record
TN:
SF:src/components/Aframe/modals/PlaceObjectModal/index.js
FN:22,(anonymous_0)
FN:26,(anonymous_1)
FN:27,(anonymous_2)
FNF:3
FNH:0
FNDA:0,(anonymous_0)
FNDA:0,(anonymous_1)
FNDA:0,(anonymous_2)
DA:8,0
DA:22,0
DA:23,0
DA:24,0
DA:26,0
DA:27,0
DA:30,0
LF:7
LH:0
BRF:0
BRH:0
end_of_record
TN:
SF:src/components/Aframe/modals/RulesModal/RulesModal.js
FN:16,(anonymous_0)
FNF:1
FNH:0
FNDA:0,(anonymous_0)
DA:4,0
DA:16,0
DA:17,0
LF:3
LH:0
BRF:0
BRH:0
end_of_record
TN:
SF:src/components/Aframe/modals/RulesModal/index.js
FNF:0
FNH:0
LF:0
LH:0
BRF:0
BRH:0
end_of_record
TN:
SF:src/components/Aframe/systems/cyber-ws.js
FN:21,(anonymous_0)
FN:28,(anonymous_1)
FN:40,(anonymous_2)
FN:50,(anonymous_3)
FN:61,(anonymous_4)
FN:75,(anonymous_5)
FN:79,(anonymous_6)
FN:83,(anonymous_7)
FN:94,(anonymous_8)
FN:99,(anonymous_9)
FN:165,(anonymous_10)
FN:178,(anonymous_11)
FN:186,(anonymous_12)
FN:195,(anonymous_13)
FN:225,(anonymous_14)
FN:231,(anonymous_15)
FN:249,(anonymous_16)
FNF:17
FNH:0
FNDA:0,(anonymous_0)
FNDA:0,(anonymous_1)
FNDA:0,(anonymous_2)
FNDA:0,(anonymous_3)
FNDA:0,(anonymous_4)
FNDA:0,(anonymous_5)
FNDA:0,(anonymous_6)
FNDA:0,(anonymous_7)
FNDA:0,(anonymous_8)
FNDA:0,(anonymous_9)
FNDA:0,(anonymous_10)
FNDA:0,(anonymous_11)
FNDA:0,(anonymous_12)
FNDA:0,(anonymous_13)
FNDA:0,(anonymous_14)
FNDA:0,(anonymous_15)
FNDA:0,(anonymous_16)
DA:3,0
DA:22,0
DA:23,0
DA:24,0
DA:25,0
DA:28,0
DA:29,0
DA:36,0
DA:40,0
DA:41,0
DA:50,0
DA:51,0
DA:61,0
DA:62,0
DA:69,0
DA:72,0
DA:77,0
DA:79,0
DA:80,0
DA:83,0
DA:84,0
DA:85,0
DA:86,0
DA:87,0
DA:89,0
DA:91,0
DA:94,0
DA:95,0
DA:100,0
DA:101,0
DA:102,0
DA:104,0
DA:106,0
DA:107,0
DA:108,0
DA:109,0
DA:110,0
DA:111,0
DA:112,0
DA:113,0
DA:114,0
DA:115,0
DA:119,0
DA:120,0
DA:121,0
DA:124,0
DA:128,0
DA:129,0
DA:130,0
DA:132,0
DA:134,0
DA:135,0
DA:136,0
DA:137,0
DA:138,0
DA:139,0
DA:142,0
DA:143,0
DA:144,0
DA:147,0
DA:148,0
DA:149,0
DA:152,0
DA:156,0
DA:157,0
DA:158,0
DA:159,0
DA:160,0
DA:161,0
DA:166,0
DA:167,0
DA:168,0
DA:169,0
DA:170,0
DA:171,0
DA:172,0
DA:173,0
DA:174,0
DA:175,0
DA:179,0
DA:180,0
DA:181,0
DA:182,0
DA:183,0
DA:187,0
DA:188,0
DA:189,0
DA:190,0
DA:192,0
DA:197,0
DA:198,0
DA:199,0
DA:200,0
DA:203,0
DA:204,0
DA:205,0
DA:208,0
DA:209,0
DA:210,0
DA:213,0
DA:217,0
DA:218,0
DA:219,0
DA:220,0
DA:221,0
DA:222,0
DA:227,0
DA:228,0
DA:232,0
DA:233,0
DA:234,0
DA:235,0
DA:236,0
DA:237,0
DA:239,0
DA:240,0
DA:241,0
DA:243,0
DA:244,0
DA:245,0
DA:251,0
DA:252,0
LF:122
LH:0
BRDA:86,0,0,0
BRDA:86,0,1,0
BRDA:112,1,0,0
BRDA:112,1,1,0
BRDA:119,2,0,0
BRDA:119,2,1,0
BRDA:128,3,0,0
BRDA:128,3,1,0
BRDA:169,4,0,0
BRDA:169,4,1,0
BRDA:170,5,0,0
BRDA:170,5,1,0
BRDA:171,6,0,0
BRDA:171,6,1,0
BRDA:172,7,0,0
BRDA:172,7,1,0
BRDA:173,8,0,0
BRDA:173,8,1,0
BRDA:174,9,0,0
BRDA:174,9,1,0
BRDA:175,10,0,0
BRDA:175,10,1,0
BRDA:180,11,0,0
BRDA:180,11,1,0
BRDA:188,12,0,0
BRDA:188,12,1,0
BRDA:235,13,0,0
BRDA:235,13,1,0
BRDA:239,14,0,0
BRDA:239,14,1,0
BRDA:243,15,0,0
BRDA:243,15,1,0
BRF:32
BRH:0
end_of_record
TN:
SF:src/components/Aframe/systems/super-hands.min.js
FN:1,(anonymous_0)
FN:1,r
FN:1,o
FN:1,(anonymous_3)
FN:1,(anonymous_4)
FN:8,(anonymous_5)
FN:15,(anonymous_6)
FN:18,(anonymous_7)
FN:18,(anonymous_8)
FN:19,a
FN:19,(anonymous_10)
FN:19,(anonymous_11)
FN:19,(anonymous_12)
FN:19,(anonymous_13)
FN:19,(anonymous_14)
FN:19,(anonymous_15)
FN:19,(anonymous_16)
FN:19,(anonymous_17)
FN:19,(anonymous_18)
FN:19,(anonymous_19)
FN:20,(anonymous_20)
FN:20,(anonymous_21)
FN:20,(anonymous_22)
FN:21,(anonymous_23)
FN:21,(anonymous_24)
FN:21,(anonymous_25)
FN:21,(anonymous_26)
FN:21,(anonymous_27)
FN:21,(anonymous_28)
FN:21,(anonymous_29)
FN:21,(anonymous_30)
FN:23,(anonymous_31)
FN:23,(anonymous_32)
FN:23,(anonymous_33)
FN:23,(anonymous_34)
FN:23,(anonymous_35)
FN:23,(anonymous_36)
FN:23,(anonymous_37)
FN:23,(anonymous_38)
FN:23,(anonymous_39)
FN:23,(anonymous_40)
FN:23,(anonymous_41)
FN:23,(anonymous_42)
FN:23,(anonymous_43)
FN:23,(anonymous_44)
FN:23,(anonymous_45)
FN:23,(anonymous_46)
FN:23,(anonymous_47)
FN:23,(anonymous_48)
FN:23,(anonymous_49)
FN:25,(anonymous_50)
FN:27,(anonymous_51)
FN:28,(anonymous_52)
FN:28,(anonymous_53)
FN:28,(anonymous_54)
FN:28,(anonymous_55)
FN:30,(anonymous_56)
FN:31,(anonymous_57)
FN:31,(anonymous_58)
FN:31,(anonymous_59)
FN:31,(anonymous_60)
FN:31,(anonymous_61)
FN:31,(anonymous_62)
FN:31,(anonymous_63)
FN:33,(anonymous_64)
FN:34,(anonymous_65)
FN:34,(anonymous_66)
FN:34,(anonymous_67)
FN:34,(anonymous_68)
FN:36,(anonymous_69)
FN:37,elementMatches
FN:37,(anonymous_71)
FN:38,(anonymous_72)
FN:38,(anonymous_73)
FN:38,(anonymous_74)
FN:38,(anonymous_75)
FN:38,(anonymous_76)
FN:38,(anonymous_77)
FN:38,(anonymous_78)
FN:38,(anonymous_79)
FN:38,(anonymous_80)
FN:40,(anonymous_81)
FN:41,(anonymous_82)
FN:42,(anonymous_83)
FN:42,(anonymous_84)
FN:42,(anonymous_85)
FN:42,(anonymous_86)
FN:42,(anonymous_87)
FN:42,(anonymous_88)
FN:42,(anonymous_89)
FN:42,(anonymous_90)
FN:43,(anonymous_91)
FN:43,(anonymous_92)
FN:43,(anonymous_93)
FN:43,(anonymous_94)
FN:46,(anonymous_95)
FN:47,(anonymous_96)
FN:47,(anonymous_97)
FN:47,(anonymous_98)
FN:47,(anonymous_99)
FN:49,(anonymous_100)
FN:51,(anonymous_101)
FN:51,a
FN:51,(anonymous_103)
FN:51,(anonymous_104)
FN:53,(anonymous_105)
FN:55,(anonymous_106)
FN:55,(anonymous_107)
FN:55,(anonymous_108)
FN:55,(anonymous_109)
FN:57,(anonymous_110)
FN:57,(anonymous_111)
FN:57,(anonymous_112)
FN:57,(anonymous_113)
FN:59,(anonymous_114)
FN:60,(anonymous_115)
FN:60,(anonymous_116)
FN:60,(anonymous_117)
FN:61,(anonymous_118)
FN:61,(anonymous_119)
FN:62,(anonymous_120)
FN:62,(anonymous_121)
FN:63,(anonymous_122)
FN:66,(anonymous_123)
FN:67,(anonymous_124)
FN:67,(anonymous_125)
FN:67,(anonymous_126)
FN:67,(anonymous_127)
FNF:128
FNH:0
FNDA:0,(anonymous_0)
FNDA:0,r
FNDA:0,o
FNDA:0,(anonymous_3)
FNDA:0,(anonymous_4)
FNDA:0,(anonymous_5)
FNDA:0,(anonymous_6)
FNDA:0,(anonymous_7)
FNDA:0,(anonymous_8)
FNDA:0,a
FNDA:0,(anonymous_10)
FNDA:0,(anonymous_11)
FNDA:0,(anonymous_12)
FNDA:0,(anonymous_13)
FNDA:0,(anonymous_14)
FNDA:0,(anonymous_15)
FNDA:0,(anonymous_16)
FNDA:0,(anonymous_17)
FNDA:0,(anonymous_18)
FNDA:0,(anonymous_19)
FNDA:0,(anonymous_20)
FNDA:0,(anonymous_21)
FNDA:0,(anonymous_22)
FNDA:0,(anonymous_23)
FNDA:0,(anonymous_24)
FNDA:0,(anonymous_25)
FNDA:0,(anonymous_26)
FNDA:0,(anonymous_27)
FNDA:0,(anonymous_28)
FNDA:0,(anonymous_29)
FNDA:0,(anonymous_30)
FNDA:0,(anonymous_31)
FNDA:0,(anonymous_32)
FNDA:0,(anonymous_33)
FNDA:0,(anonymous_34)
FNDA:0,(anonymous_35)
FNDA:0,(anonymous_36)
FNDA:0,(anonymous_37)
FNDA:0,(anonymous_38)
FNDA:0,(anonymous_39)
FNDA:0,(anonymous_40)
FNDA:0,(anonymous_41)
FNDA:0,(anonymous_42)
FNDA:0,(anonymous_43)
FNDA:0,(anonymous_44)
FNDA:0,(anonymous_45)
FNDA:0,(anonymous_46)
FNDA:0,(anonymous_47)
FNDA:0,(anonymous_48)
FNDA:0,(anonymous_49)
FNDA:0,(anonymous_50)
FNDA:0,(anonymous_51)
FNDA:0,(anonymous_52)
FNDA:0,(anonymous_53)
FNDA:0,(anonymous_54)
FNDA:0,(anonymous_55)
FNDA:0,(anonymous_56)
FNDA:0,(anonymous_57)
FNDA:0,(anonymous_58)
FNDA:0,(anonymous_59)
FNDA:0,(anonymous_60)
FNDA:0,(anonymous_61)
FNDA:0,(anonymous_62)
FNDA:0,(anonymous_63)
FNDA:0,(anonymous_64)
FNDA:0,(anonymous_65)
FNDA:0,(anonymous_66)
FNDA:0,(anonymous_67)
FNDA:0,(anonymous_68)
FNDA:0,(anonymous_69)
FNDA:0,elementMatches
FNDA:0,(anonymous_71)
FNDA:0,(anonymous_72)
FNDA:0,(anonymous_73)
FNDA:0,(anonymous_74)
FNDA:0,(anonymous_75)
FNDA:0,(anonymous_76)
FNDA:0,(anonymous_77)
FNDA:0,(anonymous_78)
FNDA:0,(anonymous_79)
FNDA:0,(anonymous_80)
FNDA:0,(anonymous_81)
FNDA:0,(anonymous_82)
FNDA:0,(anonymous_83)
FNDA:0,(anonymous_84)
FNDA:0,(anonymous_85)
FNDA:0,(anonymous_86)
FNDA:0,(anonymous_87)
FNDA:0,(anonymous_88)
FNDA:0,(anonymous_89)
FNDA:0,(anonymous_90)
FNDA:0,(anonymous_91)
FNDA:0,(anonymous_92)
FNDA:0,(anonymous_93)
FNDA:0,(anonymous_94)
FNDA:0,(anonymous_95)
FNDA:0,(anonymous_96)
FNDA:0,(anonymous_97)
FNDA:0,(anonymous_98)
FNDA:0,(anonymous_99)
FNDA:0,(anonymous_100)
FNDA:0,(anonymous_101)
FNDA:0,a
FNDA:0,(anonymous_103)
FNDA:0,(anonymous_104)
FNDA:0,(anonymous_105)
FNDA:0,(anonymous_106)
FNDA:0,(anonymous_107)
FNDA:0,(anonymous_108)
FNDA:0,(anonymous_109)
FNDA:0,(anonymous_110)
FNDA:0,(anonymous_111)
FNDA:0,(anonymous_112)
FNDA:0,(anonymous_113)
FNDA:0,(anonymous_114)
FNDA:0,(anonymous_115)
FNDA:0,(anonymous_116)
FNDA:0,(anonymous_117)
FNDA:0,(anonymous_118)
FNDA:0,(anonymous_119)
FNDA:0,(anonymous_120)
FNDA:0,(anonymous_121)
FNDA:0,(anonymous_122)
FNDA:0,(anonymous_123)
FNDA:0,(anonymous_124)
FNDA:0,(anonymous_125)
FNDA:0,(anonymous_126)
FNDA:0,(anonymous_127)
DA:1,0
DA:2,0
DA:4,0
DA:12,0
DA:15,0
DA:18,0
DA:19,0
DA:20,0
DA:21,0
DA:23,0
DA:25,0
DA:28,0
DA:31,0
DA:34,0
DA:37,0
DA:38,0
DA:41,0
DA:42,0
DA:43,0
DA:44,0
DA:47,0
DA:51,0
DA:55,0
DA:56,0
DA:57,0
DA:60,0
DA:61,0
DA:62,0
DA:63,0
DA:64,0
DA:67,0
LF:31
LH:0
BRDA:1,0,0,0
BRDA:1,0,1,0
BRDA:1,1,0,0
BRDA:1,1,1,0
BRDA:1,2,0,0
BRDA:1,2,1,0
BRDA:1,3,0,0
BRDA:1,3,1,0
BRDA:1,4,0,0
BRDA:1,4,1,0
BRDA:1,5,0,0
BRDA:1,5,1,0
BRDA:1,6,0,0
BRDA:1,6,1,0
BRDA:1,7,0,0
BRDA:1,7,1,0
BRDA:2,8,0,0
BRDA:2,8,1,0
BRDA:18,9,0,0
BRDA:18,9,1,0
BRDA:19,10,0,0
BRDA:19,10,1,0
BRDA:19,11,0,0
BRDA:19,11,1,0
BRDA:19,12,0,0
BRDA:19,12,1,0
BRDA:19,13,0,0
BRDA:19,13,1,0
BRDA:19,14,0,0
BRDA:19,14,1,0
BRDA:19,15,0,0
BRDA:19,15,1,0
BRDA:19,16,0,0
BRDA:19,16,1,0
BRDA:19,17,0,0
BRDA:19,17,1,0
BRDA:19,18,0,0
BRDA:19,18,1,0
BRDA:19,19,0,0
BRDA:19,19,1,0
BRDA:19,20,0,0
BRDA:19,20,1,0
BRDA:19,20,2,0
BRDA:19,21,0,0
BRDA:19,21,1,0
BRDA:19,22,0,0
BRDA:19,22,1,0
BRDA:19,23,0,0
BRDA:19,23,1,0
BRDA:19,23,2,0
BRDA:19,24,0,0
BRDA:19,24,1,0
BRDA:19,25,0,0
BRDA:19,25,1,0
BRDA:19,26,0,0
BRDA:19,26,1,0
BRDA:19,27,0,0
BRDA:19,27,1,0
BRDA:19,28,0,0
BRDA:19,28,1,0
BRDA:19,29,0,0
BRDA:19,29,1,0
BRDA:19,30,0,0
BRDA:19,30,1,0
BRDA:19,31,0,0
BRDA:19,31,1,0
BRDA:19,32,0,0
BRDA:19,32,1,0
BRDA:19,33,0,0
BRDA:19,33,1,0
BRDA:20,34,0,0
BRDA:20,34,1,0
BRDA:20,35,0,0
BRDA:20,35,1,0
BRDA:20,36,0,0
BRDA:20,36,1,0
BRDA:20,36,2,0
BRDA:20,37,0,0
BRDA:20,37,1,0
BRDA:20,38,0,0
BRDA:20,38,1,0
BRDA:20,39,0,0
BRDA:20,39,1,0
BRDA:20,40,0,0
BRDA:20,40,1,0
BRDA:21,41,0,0
BRDA:21,41,1,0
BRDA:21,42,0,0
BRDA:21,42,1,0
BRDA:21,43,0,0
BRDA:21,43,1,0
BRDA:21,43,2,0
BRDA:21,44,0,0
BRDA:21,44,1,0
BRDA:21,45,0,0
BRDA:21,45,1,0
BRDA:21,46,0,0
BRDA:21,46,1,0
BRDA:21,47,0,0
BRDA:21,47,1,0
BRDA:21,48,0,0
BRDA:21,48,1,0
BRDA:21,49,0,0
BRDA:21,49,1,0
BRDA:21,50,0,0
BRDA:21,50,1,0
BRDA:21,51,0,0
BRDA:21,51,1,0
BRDA:21,52,0,0
BRDA:21,52,1,0
BRDA:21,52,2,0
BRDA:21,53,0,0
BRDA:21,53,1,0
BRDA:21,54,0,0
BRDA:21,54,1,0
BRDA:21,55,0,0
BRDA:21,55,1,0
BRDA:23,56,0,0
BRDA:23,56,1,0
BRDA:23,57,0,0
BRDA:23,57,1,0
BRDA:23,58,0,0
BRDA:23,58,1,0
BRDA:23,59,0,0
BRDA:23,59,1,0
BRDA:23,60,0,0
BRDA:23,60,1,0
BRDA:23,61,0,0
BRDA:23,61,1,0
BRDA:23,62,0,0
BRDA:23,62,1,0
BRDA:23,62,2,0
BRDA:23,62,3,0
BRDA:23,63,0,0
BRDA:23,63,1,0
BRDA:23,64,0,0
BRDA:23,64,1,0
BRDA:23,64,2,0
BRDA:23,65,0,0
BRDA:23,65,1,0
BRDA:25,66,0,0
BRDA:25,66,1,0
BRDA:25,67,0,0
BRDA:25,67,1,0
BRDA:28,68,0,0
BRDA:28,68,1,0
BRDA:28,68,2,0
BRDA:28,69,0,0
BRDA:28,69,1,0
BRDA:28,70,0,0
BRDA:28,70,1,0
BRDA:28,71,0,0
BRDA:28,71,1,0
BRDA:28,71,2,0
BRDA:28,72,0,0
BRDA:28,72,1,0
BRDA:28,73,0,0
BRDA:28,73,1,0
BRDA:28,74,0,0
BRDA:28,74,1,0
BRDA:31,75,0,0
BRDA:31,75,1,0
BRDA:31,76,0,0
BRDA:31,76,1,0
BRDA:31,77,0,0
BRDA:31,77,1,0
BRDA:31,78,0,0
BRDA:31,78,1,0
BRDA:31,79,0,0
BRDA:31,79,1,0
BRDA:31,80,0,0
BRDA:31,80,1,0
BRDA:31,80,2,0
BRDA:34,81,0,0
BRDA:34,81,1,0
BRDA:34,81,2,0
BRDA:34,82,0,0
BRDA:34,82,1,0
BRDA:34,83,0,0
BRDA:34,83,1,0
BRDA:34,83,2,0
BRDA:34,84,0,0
BRDA:34,84,1,0
BRDA:37,85,0,0
BRDA:37,85,1,0
BRDA:37,86,0,0
BRDA:37,86,1,0
BRDA:37,87,0,0
BRDA:37,87,1,0
BRDA:38,88,0,0
BRDA:38,88,1,0
BRDA:38,89,0,0
BRDA:38,89,1,0
BRDA:38,90,0,0
BRDA:38,90,1,0
BRDA:38,91,0,0
BRDA:38,91,1,0
BRDA:38,92,0,0
BRDA:38,92,1,0
BRDA:38,93,0,0
BRDA:38,93,1,0
BRDA:38,94,0,0
BRDA:38,94,1,0
BRDA:38,94,2,0
BRDA:38,95,0,0
BRDA:38,95,1,0
BRDA:38,96,0,0
BRDA:38,96,1,0
BRDA:38,97,0,0
BRDA:38,97,1,0
BRDA:38,98,0,0
BRDA:38,98,1,0
BRDA:38,99,0,0
BRDA:38,99,1,0
BRDA:38,100,0,0
BRDA:38,100,1,0
BRDA:38,101,0,0
BRDA:38,101,1,0
BRDA:42,102,0,0
BRDA:42,102,1,0
BRDA:42,103,0,0
BRDA:42,103,1,0
BRDA:42,104,0,0
BRDA:42,104,1,0
BRDA:42,105,0,0
BRDA:42,105,1,0
BRDA:42,106,0,0
BRDA:42,106,1,0
BRDA:42,107,0,0
BRDA:42,107,1,0
BRDA:42,108,0,0
BRDA:42,108,1,0
BRDA:43,109,0,0
BRDA:43,109,1,0
BRDA:43,110,0,0
BRDA:43,110,1,0
BRDA:43,111,0,0
BRDA:43,111,1,0
BRDA:43,112,0,0
BRDA:43,112,1,0
BRDA:43,113,0,0
BRDA:43,113,1,0
BRDA:43,113,2,0
BRDA:43,114,0,0
BRDA:43,114,1,0
BRDA:43,115,0,0
BRDA:43,115,1,0
BRDA:43,115,2,0
BRDA:43,116,0,0
BRDA:43,116,1,0
BRDA:43,117,0,0
BRDA:43,117,1,0
BRDA:43,118,0,0
BRDA:43,118,1,0
BRDA:43,119,0,0
BRDA:43,119,1,0
BRDA:43,120,0,0
BRDA:43,120,1,0
BRDA:44,121,0,0
BRDA:44,121,1,0
BRDA:44,121,2,0
BRDA:44,121,3,0
BRDA:47,122,0,0
BRDA:47,122,1,0
BRDA:47,123,0,0
BRDA:47,123,1,0
BRDA:47,124,0,0
BRDA:47,124,1,0
BRDA:47,125,0,0
BRDA:47,125,1,0
BRDA:47,126,0,0
BRDA:47,126,1,0
BRDA:47,127,0,0
BRDA:47,127,1,0
BRDA:51,128,0,0
BRDA:51,128,1,0
BRDA:55,129,0,0
BRDA:55,129,1,0
BRDA:55,129,2,0
BRDA:56,130,0,0
BRDA:56,130,1,0
BRDA:56,131,0,0
BRDA:56,131,1,0
BRDA:56,131,2,0
BRDA:56,131,3,0
BRDA:57,132,0,0
BRDA:57,132,1,0
BRDA:57,133,0,0
BRDA:57,133,1,0
BRDA:60,134,0,0
BRDA:60,134,1,0
BRDA:61,135,0,0
BRDA:61,135,1,0
BRDA:61,135,2,0
BRDA:61,136,0,0
BRDA:61,136,1,0
BRDA:61,137,0,0
BRDA:61,137,1,0
BRDA:61,138,0,0
BRDA:61,138,1,0
BRDA:61,138,2,0
BRDA:61,138,3,0
BRDA:61,138,4,0
BRDA:62,139,0,0
BRDA:62,139,1,0
BRDA:62,140,0,0
BRDA:62,140,1,0
BRDA:62,141,0,0
BRDA:62,141,1,0
BRDA:62,141,2,0
BRDA:62,142,0,0
BRDA:62,142,1,0
BRDA:62,143,0,0
BRDA:62,143,1,0
BRDA:62,144,0,0
BRDA:62,144,1,0
BRDA:62,145,0,0
BRDA:62,145,1,0
BRDA:63,146,0,0
BRDA:63,146,1,0
BRDA:63,147,0,0
BRDA:63,147,1,0
BRDA:63,147,2,0
BRDA:63,148,0,0
BRDA:63,148,1,0
BRDA:63,149,0,0
BRDA:63,149,1,0
BRDA:64,150,0,0
BRDA:64,150,1,0
BRDA:64,151,0,0
BRDA:64,151,1,0
BRDA:64,152,0,0
BRDA:64,152,1,0
BRDA:67,153,0,0
BRDA:67,153,1,0
BRDA:67,154,0,0
BRDA:67,154,1,0
BRDA:67,155,0,0
BRDA:67,155,1,0
BRF:339
BRH:0
end_of_record
TN:
SF:src/components/CesiumWorldMap/cesiumEventHandler.js
FN:8,CesiumEventHandler
FN:11,(anonymous_1)
FN:13,(anonymous_2)
FN:19,(anonymous_3)
FN:34,(anonymous_4)
FNF:5
FNH:0
FNDA:0,CesiumEventHandler
FNDA:0,(anonymous_1)
FNDA:0,(anonymous_2)
FNDA:0,(anonymous_3)
FNDA:0,(anonymous_4)
DA:9,0
DA:11,0
DA:13,0
DA:16,0
DA:20,0
DA:21,0
DA:22,0
DA:25,0
DA:29,0
DA:30,0
DA:32,0
DA:33,0
DA:34,0
DA:36,0
DA:37,0
LF:15
LH:0
BRDA:21,0,0,0
BRDA:21,0,1,0
BRDA:21,1,0,0
BRDA:21,1,1,0
BRDA:29,2,0,0
BRDA:29,2,1,0
BRF:6
BRH:0
end_of_record
TN:
SF:src/components/CesiumWorldMap/index.js
FN:58,(anonymous_0)
FN:125,(anonymous_1)
FN:126,fetchMyAPI
FN:150,(anonymous_3)
FN:159,(anonymous_4)
FN:168,(anonymous_5)
FN:176,(anonymous_6)
FN:185,(anonymous_7)
FN:194,(anonymous_8)
FN:201,(anonymous_9)
FN:210,(anonymous_10)
FN:219,(anonymous_11)
FN:228,(anonymous_12)
FN:234,(anonymous_13)
FN:249,(anonymous_14)
FN:270,(anonymous_15)
FN:281,(anonymous_16)
FN:293,(anonymous_17)
FN:312,(anonymous_18)
FN:324,(anonymous_19)
FN:332,(anonymous_20)
FN:337,(anonymous_21)
FN:343,(anonymous_22)
FN:352,(anonymous_23)
FN:358,(anonymous_24)
FN:364,(anonymous_25)
FN:371,(anonymous_26)
FNF:27
FNH:0
FNDA:0,(anonymous_0)
FNDA:0,(anonymous_1)
FNDA:0,fetchMyAPI
FNDA:0,(anonymous_3)
FNDA:0,(anonymous_4)
FNDA:0,(anonymous_5)
FNDA:0,(anonymous_6)
FNDA:0,(anonymous_7)
FNDA:0,(anonymous_8)
FNDA:0,(anonymous_9)
FNDA:0,(anonymous_10)
FNDA:0,(anonymous_11)
FNDA:0,(anonymous_12)
FNDA:0,(anonymous_13)
FNDA:0,(anonymous_14)
FNDA:0,(anonymous_15)
FNDA:0,(anonymous_16)
FNDA:0,(anonymous_17)
FNDA:0,(anonymous_18)
FNDA:0,(anonymous_19)
FNDA:0,(anonymous_20)
FNDA:0,(anonymous_21)
FNDA:0,(anonymous_22)
FNDA:0,(anonymous_23)
FNDA:0,(anonymous_24)
FNDA:0,(anonymous_25)
FNDA:0,(anonymous_26)
DA:53,0
DA:54,0
DA:55,0
DA:56,0
DA:58,0
DA:59,0
DA:60,0
DA:61,0
DA:68,0
DA:74,0
DA:76,0
DA:77,0
DA:99,0
DA:100,0
DA:101,0
DA:106,0
DA:109,0
DA:110,0
DA:111,0
DA:112,0
DA:114,0
DA:116,0
DA:118,0
DA:119,0
DA:121,0
DA:123,0
DA:125,0
DA:128,0
DA:131,0
DA:132,0
DA:134,0
DA:135,0
DA:137,0
DA:140,0
DA:141,0
DA:143,0
DA:144,0
DA:147,0
DA:150,0
DA:151,0
DA:152,0
DA:153,0
DA:159,0
DA:163,0
DA:168,0
DA:169,0
DA:170,0
DA:174,0
DA:176,0
DA:177,0
DA:178,0
DA:182,0
DA:185,0
DA:186,0
DA:187,0
DA:191,0
DA:194,0
DA:195,0
DA:201,0
DA:202,0
DA:203,0
DA:207,0
DA:210,0
DA:211,0
DA:212,0
DA:216,0
DA:219,0
DA:220,0
DA:221,0
DA:225,0
DA:228,0
DA:230,0
DA:235,0
DA:249,0
DA:270,0
DA:282,0
DA:294,0
DA:313,0
DA:314,0
DA:324,0
DA:332,0
DA:337,0
DA:343,0
DA:352,0
DA:358,0
DA:364,0
DA:371,0
LF:87
LH:0
BRDA:131,0,0,0
BRDA:131,0,1,0
BRDA:134,1,0,0
BRDA:134,1,1,0
BRDA:140,2,0,0
BRDA:140,2,1,0
BRDA:143,3,0,0
BRDA:143,3,1,0
BRDA:174,4,0,0
BRDA:174,4,1,0
BRDA:182,5,0,0
BRDA:182,5,1,0
BRDA:191,6,0,0
BRDA:191,6,1,0
BRDA:207,7,0,0
BRDA:207,7,1,0
BRDA:216,8,0,0
BRDA:216,8,1,0
BRDA:225,9,0,0
BRDA:225,9,1,0
BRDA:266,10,0,0
BRDA:266,10,1,0
BRDA:280,11,0,0
BRDA:280,11,1,0
BRDA:292,12,0,0
BRDA:292,12,1,0
BRDA:305,13,0,0
BRDA:305,13,1,0
BRF:28
BRH:0
end_of_record
TN:
SF:src/components/CesiumWorldMap/Building/Building.js
FN:13,Building
FN:38,(anonymous_1)
FNF:2
FNH:0
FNDA:0,Building
FNDA:0,(anonymous_1)
DA:19,0
DA:20,0
DA:25,0
DA:43,0
DA:44,0
LF:5
LH:0
BRF:0
BRH:0
end_of_record
TN:
SF:src/components/CesiumWorldMap/Building/index.js
FNF:0
FNH:0
LF:0
LH:0
BRF:0
BRH:0
end_of_record
TN:
SF:src/components/CesiumWorldMap/ContextMenu/ContextMenu.js
FN:12,ContextMenu
FN:14,(anonymous_1)
FN:20,(anonymous_2)
FNF:3
FNH:0
FNDA:0,ContextMenu
FNDA:0,(anonymous_1)
FNDA:0,(anonymous_2)
DA:14,0
DA:15,0
DA:16,0
DA:17,0
DA:20,0
DA:21,0
DA:22,0
DA:25,0
LF:8
LH:0
BRDA:31,0,0,0
BRDA:31,0,1,0
BRF:2
BRH:0
end_of_record
TN:
SF:src/components/CesiumWorldMap/ContextMenu/index.js
FNF:0
FNH:0
LF:0
LH:0
BRF:0
BRH:0
end_of_record
TN:
SF:src/components/CesiumWorldMap/HousePin/HousePin.js
FN:12,HousePin
FN:22,(anonymous_1)
FN:29,(anonymous_2)
FN:33,(anonymous_3)
FNF:4
FNH:0
FNDA:0,HousePin
FNDA:0,(anonymous_1)
FNDA:0,(anonymous_2)
FNDA:0,(anonymous_3)
DA:17,0
DA:23,0
DA:27,0
DA:30,0
DA:31,0
DA:34,0
DA:35,0
LF:7
LH:0
BRF:0
BRH:0
end_of_record
TN:
SF:src/components/CesiumWorldMap/HousePin/index.js
FNF:0
FNH:0
LF:0
LH:0
BRF:0
BRH:0
end_of_record
TN:
SF:src/components/CesiumWorldMap/Modals/index.js
FNF:0
FNH:0
LF:0
LH:0
BRF:0
BRH:0
end_of_record
TN:
SF:src/components/CesiumWorldMap/Modals/BuildingDeletingModal/index.js
FN:10,Transition
FN:14,BuildingDeletingModal
FN:20,(anonymous_2)
FNF:3
FNH:0
FNDA:0,Transition
FNDA:0,BuildingDeletingModal
FNDA:0,(anonymous_2)
DA:10,0
DA:11,0
DA:20,0
DA:21,0
DA:22,0
DA:24,0
LF:6
LH:0
BRF:0
BRH:0
end_of_record
TN:
SF:src/components/CesiumWorldMap/Modals/BuildingDetailModal/index.js
FN:22,(anonymous_0)
FN:27,BuildingDetailModal
FN:33,(anonymous_2)
FN:54,(anonymous_3)
FNF:4
FNH:0
FNDA:0,(anonymous_0)
FNDA:0,BuildingDetailModal
FNDA:0,(anonymous_2)
FNDA:0,(anonymous_3)
DA:22,0
DA:23,0
DA:24,0
DA:33,0
DA:34,0
DA:54,0
DA:55,0
DA:56,0
DA:59,0
LF:9
LH:0
BRDA:34,0,0,0
BRDA:34,0,1,0
BRF:2
BRH:0
end_of_record
TN:
SF:src/components/CesiumWorldMap/Modals/BuildingEditingModal/index.js
FN:22,(anonymous_0)
FN:27,BuildingEditingModal
FN:41,(anonymous_2)
FN:45,(anonymous_3)
FN:49,(anonymous_4)
FN:53,(anonymous_5)
FN:58,(anonymous_6)
FN:71,(anonymous_7)
FN:90,(anonymous_8)
FN:153,(anonymous_9)
FN:166,(anonymous_10)
FN:175,(anonymous_11)
FN:184,(anonymous_12)
FNF:13
FNH:0
FNDA:0,(anonymous_0)
FNDA:0,BuildingEditingModal
FNDA:0,(anonymous_2)
FNDA:0,(anonymous_3)
FNDA:0,(anonymous_4)
FNDA:0,(anonymous_5)
FNDA:0,(anonymous_6)
FNDA:0,(anonymous_7)
FNDA:0,(anonymous_8)
FNDA:0,(anonymous_9)
FNDA:0,(anonymous_10)
FNDA:0,(anonymous_11)
FNDA:0,(anonymous_12)
DA:22,0
DA:23,0
DA:24,0
DA:34,0
DA:35,0
DA:36,0
DA:37,0
DA:38,0
DA:39,0
DA:41,0
DA:42,0
DA:45,0
DA:46,0
DA:49,0
DA:50,0
DA:53,0
DA:54,0
DA:55,0
DA:58,0
DA:59,0
DA:68,0
DA:71,0
DA:72,0
DA:90,0
DA:91,0
DA:92,0
DA:95,0
DA:153,0
DA:166,0
DA:175,0
DA:184,0
LF:31
LH:0
BRDA:91,0,0,0
BRDA:91,0,1,0
BRF:2
BRH:0
end_of_record
TN:
SF:src/components/CesiumWorldMap/Modals/CreationModal/index.js
FN:18,CreationModal
FN:30,(anonymous_1)
FN:34,(anonymous_2)
FN:42,(anonymous_3)
FN:46,(anonymous_4)
FN:61,(anonymous_5)
FN:127,(anonymous_6)
FN:136,(anonymous_7)
FN:137,(anonymous_8)
FNF:9
FNH:0
FNDA:0,CreationModal
FNDA:0,(anonymous_1)
FNDA:0,(anonymous_2)
FNDA:0,(anonymous_3)
FNDA:0,(anonymous_4)
FNDA:0,(anonymous_5)
FNDA:0,(anonymous_6)
FNDA:0,(anonymous_7)
FNDA:0,(anonymous_8)
DA:24,0
DA:25,0
DA:26,0
DA:27,0
DA:28,0
DA:30,0
DA:31,0
DA:34,0
DA:35,0
DA:38,0
DA:42,0
DA:43,0
DA:46,0
DA:47,0
DA:58,0
DA:61,0
DA:62,0
DA:63,0
DA:66,0
DA:127,0
DA:136,0
DA:137,0
LF:22
LH:0
BRDA:62,0,0,0
BRDA:62,0,1,0
BRF:2
BRH:0
end_of_record
TN:
SF:src/components/CesiumWorldMap/Modals/DeletingModal/index.js
FN:10,Transition
FN:14,DeletingModal
FN:22,(anonymous_2)
FNF:3
FNH:0
FNDA:0,Transition
FNDA:0,DeletingModal
FNDA:0,(anonymous_2)
DA:10,0
DA:11,0
DA:22,0
DA:23,0
DA:24,0
DA:25,0
DA:28,0
LF:7
LH:0
BRF:0
BRH:0
end_of_record
TN:
SF:src/components/CesiumWorldMap/Modals/DetailModal/index.js
FN:20,DetailModal
FN:28,(anonymous_1)
FN:33,(anonymous_2)
FNF:3
FNH:0
FNDA:0,DetailModal
FNDA:0,(anonymous_1)
FNDA:0,(anonymous_2)
DA:28,0
DA:29,0
DA:30,0
DA:33,0
DA:34,0
DA:35,0
DA:38,0
LF:7
LH:0
BRF:0
BRH:0
end_of_record
TN:
SF:src/components/CesiumWorldMap/Modals/EditingModal/EditingModal.js
FN:20,EditingModal
FN:33,(anonymous_1)
FN:40,(anonymous_2)
FN:44,(anonymous_3)
FN:48,(anonymous_4)
FN:53,(anonymous_5)
FN:65,(anonymous_6)
FN:133,(anonymous_7)
FN:139,(anonymous_8)
FN:140,(anonymous_9)
FNF:10
FNH:0
FNDA:0,EditingModal
FNDA:0,(anonymous_1)
FNDA:0,(anonymous_2)
FNDA:0,(anonymous_3)
FNDA:0,(anonymous_4)
FNDA:0,(anonymous_5)
FNDA:0,(anonymous_6)
FNDA:0,(anonymous_7)
FNDA:0,(anonymous_8)
FNDA:0,(anonymous_9)
DA:27,0
DA:28,0
DA:29,0
DA:30,0
DA:31,0
DA:33,0
DA:34,0
DA:35,0
DA:36,0
DA:37,0
DA:38,0
DA:40,0
DA:41,0
DA:44,0
DA:45,0
DA:48,0
DA:49,0
DA:50,0
DA:53,0
DA:54,0
DA:62,0
DA:65,0
DA:66,0
DA:67,0
DA:70,0
DA:133,0
DA:139,0
DA:140,0
LF:28
LH:0
BRDA:66,0,0,0
BRDA:66,0,1,0
BRF:2
BRH:0
end_of_record
TN:
SF:src/components/CesiumWorldMap/Modals/EditingModal/index.js
FNF:0
FNH:0
LF:0
LH:0
BRF:0
BRH:0
end_of_record
TN:
SF:src/components/CesiumWorldMap/Modals/PlaceBuildingModal/index.js
FN:18,(anonymous_0)
FN:23,CreationModal
FN:36,(anonymous_2)
FN:40,(anonymous_3)
FN:61,(anonymous_4)
FN:63,(anonymous_5)
FN:77,(anonymous_6)
FN:141,(anonymous_7)
FN:148,(anonymous_8)
FN:155,(anonymous_9)
FNF:10
FNH:0
FNDA:0,(anonymous_0)
FNDA:0,CreationModal
FNDA:0,(anonymous_2)
FNDA:0,(anonymous_3)
FNDA:0,(anonymous_4)
FNDA:0,(anonymous_5)
FNDA:0,(anonymous_6)
FNDA:0,(anonymous_7)
FNDA:0,(anonymous_8)
FNDA:0,(anonymous_9)
DA:18,0
DA:19,0
DA:20,0
DA:29,0
DA:30,0
DA:31,0
DA:32,0
DA:33,0
DA:36,0
DA:37,0
DA:40,0
DA:41,0
DA:61,0
DA:63,0
DA:64,0
DA:74,0
DA:77,0
DA:78,0
DA:81,0
DA:141,0
DA:148,0
DA:155,0
LF:22
LH:0
BRDA:41,0,0,0
BRDA:41,0,1,0
BRF:2
BRH:0
end_of_record
TN:
SF:src/components/CesiumWorldMap/SideNavigation/index.js
FN:9,(anonymous_0)
FN:19,(anonymous_1)
FN:48,(anonymous_2)
FN:51,(anonymous_3)
FNF:4
FNH:0
FNDA:0,(anonymous_0)
FNDA:0,(anonymous_1)
FNDA:0,(anonymous_2)
FNDA:0,(anonymous_3)
DA:9,0
DA:17,0
DA:19,0
DA:20,0
DA:21,0
DA:23,0
DA:25,0
DA:49,0
DA:52,0
DA:53,0
LF:10
LH:0
BRDA:20,0,0,0
BRDA:20,0,1,0
BRDA:48,1,0,0
BRDA:48,1,1,0
BRF:4
BRH:0
end_of_record
TN:
SF:src/components/CesiumWorldMap/SideNavigation/Pin/index.js
FN:6,(anonymous_0)
FNF:1
FNH:0
FNDA:0,(anonymous_0)
DA:6,0
DA:7,0
LF:2
LH:0
BRF:0
BRH:0
end_of_record
TN:
SF:src/components/Header/Header.js
FN:19,Header
FN:25,(anonymous_1)
FN:26,(anonymous_2)
FN:27,(anonymous_3)
FN:32,(anonymous_4)
FN:45,(anonymous_5)
FNF:6
FNH:0
FNDA:0,Header
FNDA:0,(anonymous_1)
FNDA:0,(anonymous_2)
FNDA:0,(anonymous_3)
FNDA:0,(anonymous_4)
FNDA:0,(anonymous_5)
DA:20,0
DA:22,0
DA:23,0
DA:24,0
DA:25,0
DA:26,0
DA:27,0
DA:28,0
DA:29,0
DA:32,0
DA:33,0
DA:34,0
DA:35,0
DA:37,0
DA:41,0
DA:45,0
LF:16
LH:0
BRDA:34,0,0,0
BRDA:34,0,1,0
BRDA:57,1,0,0
BRDA:57,1,1,0
BRDA:62,2,0,0
BRDA:62,2,1,0
BRDA:64,3,0,0
BRDA:64,3,1,0
BRF:8
BRH:0
end_of_record
TN:
SF:src/components/Header/index.js
FNF:0
FNH:0
LF:0
LH:0
BRF:0
BRH:0
end_of_record
TN:
SF:src/components/LandingPage/LandingPage.js
FN:20,(anonymous_0)
FN:25,(anonymous_1)
FN:35,(anonymous_2)
FN:40,(anonymous_3)
FN:44,(anonymous_4)
FN:50,(anonymous_5)
FN:61,(anonymous_6)
FN:70,(anonymous_7)
FN:75,(anonymous_8)
FN:76,(anonymous_9)
FN:77,(anonymous_10)
FN:78,(anonymous_11)
FN:79,(anonymous_12)
FN:80,(anonymous_13)
FN:82,(anonymous_14)
FN:101,(anonymous_15)
FN:153,(anonymous_16)
FN:159,(anonymous_17)
FNF:18
FNH:0
FNDA:0,(anonymous_0)
FNDA:0,(anonymous_1)
FNDA:0,(anonymous_2)
FNDA:0,(anonymous_3)
FNDA:0,(anonymous_4)
FNDA:0,(anonymous_5)
FNDA:0,(anonymous_6)
FNDA:0,(anonymous_7)
FNDA:0,(anonymous_8)
FNDA:0,(anonymous_9)
FNDA:0,(anonymous_10)
FNDA:0,(anonymous_11)
FNDA:0,(anonymous_12)
FNDA:0,(anonymous_13)
FNDA:0,(anonymous_14)
FNDA:0,(anonymous_15)
FNDA:0,(anonymous_16)
FNDA:0,(anonymous_17)
DA:20,0
DA:21,0
DA:22,0
DA:23,0
DA:25,0
DA:26,0
DA:27,0
DA:28,0
DA:29,0
DA:31,0
DA:32,0
DA:33,0
DA:34,0
DA:35,0
DA:38,0
DA:39,0
DA:40,0
DA:41,0
DA:44,0
DA:45,0
DA:46,0
DA:47,0
DA:50,0
DA:51,0
DA:52,0
DA:53,0
DA:54,0
DA:57,0
DA:61,0
DA:62,0
DA:63,0
DA:70,0
DA:75,0
DA:76,0
DA:77,0
DA:78,0
DA:79,0
DA:80,0
DA:82,0
DA:87,0
DA:102,0
DA:153,0
DA:159,0
LF:43
LH:0
BRDA:28,0,0,0
BRDA:28,0,1,0
BRDA:32,1,0,0
BRDA:32,1,1,0
BRDA:38,2,0,0
BRDA:38,2,1,0
BRDA:52,3,0,0
BRDA:52,3,1,0
BRF:8
BRH:0
end_of_record
TN:
SF:src/components/LandingPage/index.js
FNF:0
FNH:0
LF:0
LH:0
BRF:0
BRH:0
end_of_record
TN:
SF:src/components/LandingPage/Modals/index.js
FNF:0
FNH:0
LF:0
LH:0
BRF:0
BRH:0
end_of_record
TN:
SF:src/components/LandingPage/Modals/LoginModal/Login.js
FN:6,LoginModal
FN:14,(anonymous_1)
FN:15,(anonymous_2)
FN:16,(anonymous_3)
FN:17,(anonymous_4)
FNF:5
FNH:0
FNDA:0,LoginModal
FNDA:0,(anonymous_1)
FNDA:0,(anonymous_2)
FNDA:0,(anonymous_3)
FNDA:0,(anonymous_4)
DA:8,0
DA:9,0
DA:10,0
DA:11,0
DA:12,0
DA:14,0
DA:15,0
DA:16,0
DA:17,0
DA:18,0
DA:20,0
LF:11
LH:0
BRF:0
BRH:0
end_of_record
TN:
SF:src/components/LandingPage/Modals/LoginModal/index.js
FNF:0
FNH:0
LF:0
LH:0
BRF:0
BRH:0
end_of_record
TN:
SF:src/components/LandingPage/Modals/RegisterModal/Register.js
FN:6,Register
FN:14,(anonymous_1)
FN:15,(anonymous_2)
FN:19,(anonymous_3)
FN:23,(anonymous_4)
FN:37,(anonymous_5)
FNF:6
FNH:0
FNDA:0,Register
FNDA:0,(anonymous_1)
FNDA:0,(anonymous_2)
FNDA:0,(anonymous_3)
FNDA:0,(anonymous_4)
FNDA:0,(anonymous_5)
DA:8,0
DA:9,0
DA:10,0
DA:11,0
DA:12,0
DA:14,0
DA:15,0
DA:16,0
DA:17,0
DA:19,0
DA:20,0
DA:21,0
DA:23,0
DA:24,0
DA:25,0
DA:26,0
DA:28,0
DA:29,0
DA:30,0
DA:33,0
DA:34,0
DA:37,0
DA:38,0
DA:41,0
LF:24
LH:0
BRDA:24,0,0,0
BRDA:24,0,1,0
BRDA:28,1,0,0
BRDA:28,1,1,0
BRF:4
BRH:0
end_of_record
TN:
SF:src/components/LandingPage/Modals/RegisterModal/index.js
FNF:0
FNH:0
LF:0
LH:0
BRF:0
BRH:0
end_of_record
TN:
SF:src/components/WorldMenu/WorldMenu.js
FN:13,(anonymous_0)
FN:17,(anonymous_1)
FN:25,WorldMenu
FN:40,(anonymous_3)
FN:44,(anonymous_4)
FN:50,fetchMyAPI
FN:60,(anonymous_6)
FN:65,(anonymous_7)
FN:79,(anonymous_8)
FN:89,(anonymous_9)
FN:98,(anonymous_10)
FN:104,(anonymous_11)
FN:136,(anonymous_12)
FN:141,(anonymous_13)
FN:147,(anonymous_14)
FNF:15
FNH:8
FNDA:4,(anonymous_0)
FNDA:20,(anonymous_1)
FNDA:4,WorldMenu
FNDA:0,(anonymous_3)
FNDA:0,(anonymous_4)
FNDA:1,fetchMyAPI
FNDA:1,(anonymous_6)
FNDA:1,(anonymous_7)
FNDA:0,(anonymous_8)
FNDA:0,(anonymous_9)
FNDA:1,(anonymous_10)
FNDA:0,(anonymous_11)
FNDA:1,(anonymous_12)
FNDA:0,(anonymous_13)
FNDA:0,(anonymous_14)
DA:13,1
DA:14,4
DA:15,4
DA:16,4
DA:19,20
DA:20,20
DA:26,4
DA:28,4
DA:29,4
DA:30,4
DA:31,4
DA:32,4
DA:33,4
DA:35,4
DA:36,4
DA:37,4
DA:39,4
DA:40,4
DA:42,4
DA:43,4
DA:44,4
DA:46,4
DA:47,4
DA:48,4
DA:51,1
DA:52,1
DA:53,1
DA:55,1
DA:60,4
DA:61,1
DA:65,4
DA:66,1
DA:70,1
DA:71,1
DA:72,1
DA:73,0
DA:75,1
DA:79,4
DA:80,0
DA:84,0
DA:85,0
DA:86,0
DA:89,4
DA:90,0
DA:93,0
DA:94,0
DA:98,4
DA:99,1
DA:100,1
DA:104,4
DA:105,0
DA:106,0
DA:109,4
DA:136,1
DA:141,0
DA:147,0
LF:56
LH:44
BRDA:17,0,0,4
BRDA:17,0,1,4
BRDA:20,1,0,0
BRDA:20,1,1,20
BRDA:20,2,0,20
BRDA:20,2,1,20
BRF:6
BRH:5
end_of_record
TN:
SF:src/components/WorldMenu/index.js
FNF:0
FNH:0
LF:0
LH:0
BRF:0
BRH:0
end_of_record
TN:
SF:src/components/WorldMenu/Modals/index.js
FNF:0
FNH:0
LF:0
LH:0
BRF:0
BRH:0
end_of_record
TN:
SF:src/components/WorldMenu/Modals/CreationModal/index.js
FN:17,CreationModal
FN:21,(anonymous_1)
FN:29,(anonymous_2)
FN:33,(anonymous_3)
FN:38,(anonymous_4)
FNF:5
FNH:5
FNDA:6,CreationModal
FNDA:1,(anonymous_1)
FNDA:1,(anonymous_2)
FNDA:1,(anonymous_3)
FNDA:6,(anonymous_4)
DA:18,6
DA:19,6
DA:21,6
DA:22,1
DA:25,6
DA:29,6
DA:30,1
DA:33,6
DA:34,1
DA:35,1
DA:38,6
DA:39,6
DA:40,0
DA:43,6
LF:14
LH:13
BRDA:39,0,0,6
BRDA:39,0,1,0
BRF:2
BRH:1
end_of_record
TN:
SF:src/components/WorldMenu/Modals/DeletingModal/index.js
FN:6,DeletingModal
FN:8,(anonymous_1)
FNF:2
FNH:1
FNDA:4,DeletingModal
FNDA:0,(anonymous_1)
DA:8,4
DA:9,0
DA:10,0
DA:13,4
LF:4
LH:2
BRF:0
BRH:0
end_of_record
TN:
SF:src/components/WorldMenu/Modals/EditingModal/index.js
FN:6,EditingModal
FN:10,(anonymous_1)
FN:14,(anonymous_2)
FN:18,(anonymous_3)
FN:23,(anonymous_4)
FNF:5
FNH:2
FNDA:4,EditingModal
FNDA:0,(anonymous_1)
FNDA:0,(anonymous_2)
FNDA:0,(anonymous_3)
FNDA:4,(anonymous_4)
DA:7,4
DA:8,4
DA:10,4
DA:11,0
DA:14,4
DA:15,0
DA:18,4
DA:19,0
DA:20,0
DA:23,4
DA:24,4
DA:25,0
DA:29,4
LF:13
LH:8
BRDA:24,0,0,4
BRDA:24,0,1,0
BRF:2
BRH:1
end_of_record
TN:
SF:src/components/WorldMenu/ModifyItemSection/index.js
FN:7,(anonymous_0)
FN:10,(anonymous_1)
FNF:2
FNH:2
FNDA:4,(anonymous_0)
FNDA:1,(anonymous_1)
DA:7,1
DA:8,4
DA:10,1
LF:3
LH:3
BRF:0
BRH:0
end_of_record
TN:
SF:src/components/WorldMenu/WorldSelection/WorldSelection.js
FN:9,WorldSelection
FN:18,(anonymous_1)
FN:22,(anonymous_2)
FN:33,(anonymous_3)
FN:42,(anonymous_4)
FN:56,(anonymous_5)
FNF:6
FNH:1
FNDA:4,WorldSelection
FNDA:0,(anonymous_1)
FNDA:0,(anonymous_2)
FNDA:0,(anonymous_3)
FNDA:0,(anonymous_4)
FNDA:0,(anonymous_5)
DA:16,4
DA:18,4
DA:19,0
DA:22,4
DA:23,0
DA:24,0
DA:26,0
DA:34,0
DA:35,0
DA:43,0
DA:44,0
DA:53,4
DA:57,0
LF:13
LH:4
BRDA:23,0,0,0
BRDA:23,0,1,0
BRDA:55,1,0,4
BRDA:55,1,1,3
BRF:4
BRH:2
end_of_record
TN:
SF:src/components/WorldMenu/WorldSelection/index.js
FNF:0
FNH:0
LF:0
LH:0
BRF:0
BRH:0
end_of_record
TN:
SF:src/components/WorldMenu/WorldSelection/WorldItem/WorldItem.js
FN:15,WorldItem
FN:30,(anonymous_1)
FNF:2
FNH:0
FNDA:0,WorldItem
FNDA:0,(anonymous_1)
DA:21,0
DA:30,0
LF:2
LH:0
BRF:0
BRH:0
end_of_record
TN:
SF:src/components/WorldMenu/WorldSelection/WorldItem/index.js
FNF:0
FNH:0
LF:0
LH:0
BRF:0
BRH:0
end_of_record
TN:
SF:src/constants/apiPath.js
FNF:0
FNH:0
DA:1,1
DA:2,1
LF:2
LH:2
BRF:0
BRH:0
end_of_record
TN:
SF:src/constants/cesiumToken.js
FNF:0
FNH:0
DA:1,0
LF:1
LH:0
BRF:0
BRH:0
end_of_record
TN:
SF:src/constants/palette.js
FNF:0
FNH:0
LF:0
LH:0
BRF:0
BRH:0
end_of_record
TN:
SF:src/constants/pins.js
FNF:0
FNH:0
DA:1,0
LF:1
LH:0
BRF:0
BRH:0
end_of_record
